#
# There is insufficient memory for the Java Runtime Environment to continue.
# Native memory allocation (mmap) failed to map 10485760 bytes for G1 virtual space
# Possible reasons:
#   The system is out of physical RAM or swap space
#   The process is running with CompressedOops enabled, and the Java Heap may be blocking the growth of the native heap
# Possible solutions:
#   Reduce memory load on the system
#   Increase physical memory or swap space
#   Check if swap backing store is full
#   Decrease Java heap size (-Xmx/-Xms)
#   Decrease number of Java threads
#   Decrease Java thread stack sizes (-Xss)
#   Set larger code cache with -XX:ReservedCodeCacheSize=
#   JVM is running with Unscaled Compressed Oops mode in which the Java heap is
#     placed in the first 4GB address space. The Java Heap base address is the
#     maximum limit for the native heap growth. Please use -XX:HeapBaseMinAddress
#     to set the Java Heap base and to place the Java Heap above 4GB virtual address.
# This output file may be truncated or incomplete.
#
#  Out of Memory Error (./src/hotspot/os/windows/os_windows.cpp:3331), pid=47852, tid=71756
#
# JRE version: OpenJDK Runtime Environment Zulu15.46+17-CA (15.0.10+5) (build 15.0.10+5-MTS)
# Java VM: OpenJDK 64-Bit Server VM Zulu15.46+17-CA (15.0.10+5-MTS, mixed mode, sharing, tiered, compressed oops, g1 gc, windows-amd64)
# No core dump will be written. Minidumps are not enabled by default on client versions of Windows
#

---------------  S U M M A R Y ------------

Command Line: org.jetbrains.kotlin.cli.jvm.K2JVMCompiler @D:\dicoding sub2\Star-StoryApp\StoryApp-master\app\build\20230604_6188494960767117039.compiler.options

Host: AMD Ryzen 3 3250U with Radeon Graphics         , 4 cores, 5G,  Windows 10 , 64 bit Build 19041 (10.0.19041.1466)
Time: Sun Jun  4 13:32:51 2023 SE Asia Standard Time elapsed time: 32.649512 seconds (0d 0h 0m 32s)

---------------  T H R E A D  ---------------

Current thread (0x000001cdf935d840):  VMThread "VM Thread" [stack: 0x000000358ed00000,0x000000358ee00000] [id=71756]

Stack: [0x000000358ed00000,0x000000358ee00000]
[error occurred during error reporting (printing stack bounds), id 0xc0000005, EXCEPTION_ACCESS_VIOLATION (0xc0000005) at pc=0x000001cd800010ad]

Native frames: (J=compiled Java code, j=interpreted, Vv=VM code, C=native code)
V  [jvm.dll+0x6037ba]
V  [jvm.dll+0x7a3729]
V  [jvm.dll+0x7a4e83]
V  [jvm.dll+0x7a5435]
V  [jvm.dll+0x7a53eb]
V  [jvm.dll+0x602bdf]
V  [jvm.dll+0x6033a8]
C  [ntdll.dll+0xa20cf]
C  [ntdll.dll+0x51454]
C  [ntdll.dll+0xa0bfe]
C  0x000001cd800010ad

VM_Operation (0x000000358e9ff5d0): G1Concurrent, mode: safepoint, requested by thread 0x000001cdeb1a13c0


---------------  P R O C E S S  ---------------

Threads class SMR info:
_java_thread_list=0x000001cdfe086650, length=12, elements={
0x000001cdeb1591b0, 0x000001cdf9363b90, 0x000001cdf9364f00, 0x000001cdf937faa0,
0x000001cdf9382470, 0x000001cdf9382f20, 0x000001cdf9383d00, 0x000001cdf938f850,
0x000001cdf93b7aa0, 0x000001cdf9dda500, 0x000001cdf9de7910, 0x000001cdf93d2780
}

Java Threads: ( => current thread )
  0x000001cdeb1591b0 JavaThread "main" [_thread_blocked, id=16404, stack(0x000000358e700000,0x000000358e800000)]
  0x000001cdf9363b90 JavaThread "Reference Handler" daemon [_thread_blocked, id=40528, stack(0x000000358ee00000,0x000000358ef00000)]
  0x000001cdf9364f00 JavaThread "Finalizer" daemon [_thread_blocked, id=38356, stack(0x000000358ef00000,0x000000358f000000)]
  0x000001cdf937faa0 JavaThread "Signal Dispatcher" daemon [_thread_blocked, id=33512, stack(0x000000358f000000,0x000000358f100000)]
  0x000001cdf9382470 JavaThread "Attach Listener" daemon [_thread_blocked, id=45288, stack(0x000000358f100000,0x000000358f200000)]
  0x000001cdf9382f20 JavaThread "Service Thread" daemon [_thread_blocked, id=71416, stack(0x000000358f200000,0x000000358f300000)]
  0x000001cdf9383d00 JavaThread "C2 CompilerThread0" daemon [_thread_in_native, id=19840, stack(0x000000358f300000,0x000000358f400000)]
  0x000001cdf938f850 JavaThread "C1 CompilerThread0" daemon [_thread_blocked, id=26112, stack(0x000000358f400000,0x000000358f500000)]
  0x000001cdf93b7aa0 JavaThread "Sweeper thread" daemon [_thread_blocked, id=28404, stack(0x000000358f500000,0x000000358f600000)]
  0x000001cdf9dda500 JavaThread "Notification Thread" daemon [_thread_blocked, id=16040, stack(0x000000358f600000,0x000000358f700000)]
  0x000001cdf9de7910 JavaThread "Common-Cleaner" daemon [_thread_blocked, id=71284, stack(0x000000358f800000,0x000000358f900000)]
  0x000001cdf93d2780 JavaThread "C2 CompilerThread1" daemon [_thread_blocked, id=20400, stack(0x000000358f900000,0x000000358fa00000)]

Other Threads:
=>0x000001cdf935d840 VMThread "VM Thread" [stack: 0x000000358ed00000,0x000000358ee00000] [id=71756]
  0x000001cdf9dde9e0 WatcherThread [stack: 0x000000358f700000,0x000000358f800000] [id=80992]
  0x000001cdeb1934a0 GCTaskThread "GC Thread#0" [stack: 0x000000358e800000,0x000000358e900000] [id=75612]
  0x000001cdfa111720 GCTaskThread "GC Thread#1" [stack: 0x000000358fa00000,0x000000358fb00000] [id=63852]
  0x000001cdfca7ae30 GCTaskThread "GC Thread#2" [stack: 0x000000358fd00000,0x000000358fe00000] [id=48252]
  0x000001cdeb1a13c0 ConcurrentGCThread "G1 Main Marker" [stack: 0x000000358e900000,0x000000358ea00000] [id=36888]
  0x000001cdeb1a2030 ConcurrentGCThread "G1 Conc#0" [stack: 0x000000358ea00000,0x000000358eb00000] [id=63688]
  0x000001cdeb2075d0 ConcurrentGCThread "G1 Refine#0" [stack: 0x000000358eb00000,0x000000358ec00000] [id=20572]
  0x000001cdfb7153f0 ConcurrentGCThread "G1 Refine#1" [stack: 0x000000358fb00000,0x000000358fc00000] [id=21820]
  0x000001cdfd0957a0 ConcurrentGCThread "G1 Refine#2" [stack: 0x000000358fc00000,0x000000358fd00000] [id=83772]
  0x000001cdfdebfb00 ConcurrentGCThread "G1 Refine#3" [stack: 0x000000358fe00000,0x000000358ff00000] [id=43776]
  0x000001cdeb208250 ConcurrentGCThread "G1 Young RemSet Sampling" [stack: 0x000000358ec00000,0x000000358ed00000] [id=24788]

Threads with active compile tasks:
C2 CompilerThread0    32670 16420       4       org.jetbrains.kotlin.ir.util.IrFakeOverrideUtilsKt::collectAndFilterRealOverrides$collectRealOverrides (157 bytes)

VM state: at safepoint (normal execution)

VM Mutex/Monitor currently owned by a thread:  ([mutex/lock_event])
[0x000001cdeb154f50] Threads_lock - owner thread: 0x000001cdf935d840
[0x000001cdeb1554f0] Heap_lock - owner thread: 0x000001cdeb1a13c0

Heap address: 0x00000000a1e00000, size: 1506 MB, Compressed Oops mode: 32-bit
CDS archive(s) mapped at: [0x0000000800000000-0x0000000800b50000-0x0000000800b50000), size 11862016, SharedBaseAddress: 0x0000000800000000, ArchiveRelocationMode: 0.
Compressed class space mapped at: 0x0000000800b50000-0x0000000840b50000, size: 1073741824
Narrow klass base: 0x0000000800000000, Narrow klass shift: 3, Narrow klass range: 0x100000000

GC Precious Log:
 CPUs: 4 total, 4 available
 Memory: 6023M
 Large Page Support: Disabled
 NUMA Support: Disabled
 Compressed Oops: Enabled (32-bit)
 Heap Region Size: 1M
 Heap Min Capacity: 8M
 Heap Initial Capacity: 96M
 Heap Max Capacity: 1506M
 Pre-touch: Disabled
 Parallel Workers: 4
 Concurrent Workers: 1
 Concurrent Refinement Workers: 4
 Periodic GC: Disabled

Heap:
 garbage-first heap   total 171008K, used 100935K [0x00000000a1e00000, 0x0000000100000000)
  region size 1024K, 8 young (8192K), 5 survivors (5120K)
 Metaspace       used 80007K, capacity 80430K, committed 80688K, reserved 1122304K
  class space    used 8547K, capacity 8726K, committed 8832K, reserved 1048576K

Heap Regions: E=young(eden), S=young(survivor), O=old, HS=humongous(starts), HC=humongous(continues), CS=collection set, F=free, OA=open archive, CA=closed archive, TAMS=top-at-mark-start (previous, next)
|   0|0x00000000a1e00000, 0x00000000a1f00000, 0x00000000a1f00000|100%|HS|  |TAMS 0x00000000a1f00000, 0x00000000a1e00000| Complete 
|   1|0x00000000a1f00000, 0x00000000a2000000, 0x00000000a2000000|100%|HC|  |TAMS 0x00000000a2000000, 0x00000000a1f00000| Complete 
|   2|0x00000000a2000000, 0x00000000a2100000, 0x00000000a2100000|100%|HC|  |TAMS 0x00000000a2100000, 0x00000000a2000000| Complete 
|   3|0x00000000a2100000, 0x00000000a2200000, 0x00000000a2200000|100%|HC|  |TAMS 0x00000000a2200000, 0x00000000a2100000| Complete 
|   4|0x00000000a2200000, 0x00000000a2300000, 0x00000000a2300000|100%| O|  |TAMS 0x00000000a2300000, 0x00000000a2200000| Updating 
|   5|0x00000000a2300000, 0x00000000a2400000, 0x00000000a2400000|100%| O|  |TAMS 0x00000000a2400000, 0x00000000a2300000| Updating 
|   6|0x00000000a2400000, 0x00000000a2500000, 0x00000000a2500000|100%| O|  |TAMS 0x00000000a2500000, 0x00000000a2400000| Updating 
|   7|0x00000000a2500000, 0x00000000a2600000, 0x00000000a2600000|100%|HS|  |TAMS 0x00000000a2600000, 0x00000000a2500000| Complete 
|   8|0x00000000a2600000, 0x00000000a2700000, 0x00000000a2700000|100%|HC|  |TAMS 0x00000000a2700000, 0x00000000a2600000| Complete 
|   9|0x00000000a2700000, 0x00000000a2800000, 0x00000000a2800000|100%|HC|  |TAMS 0x00000000a2800000, 0x00000000a2700000| Complete 
|  10|0x00000000a2800000, 0x00000000a2900000, 0x00000000a2900000|100%|HC|  |TAMS 0x00000000a2900000, 0x00000000a2800000| Complete 
|  11|0x00000000a2900000, 0x00000000a2a00000, 0x00000000a2a00000|100%| O|  |TAMS 0x00000000a2a00000, 0x00000000a2900000| Updating 
|  12|0x00000000a2a00000, 0x00000000a2b00000, 0x00000000a2b00000|100%| O|  |TAMS 0x00000000a2b00000, 0x00000000a2a00000| Updating 
|  13|0x00000000a2b00000, 0x00000000a2c00000, 0x00000000a2c00000|100%| O|  |TAMS 0x00000000a2c00000, 0x00000000a2b00000| Updating 
|  14|0x00000000a2c00000, 0x00000000a2d00000, 0x00000000a2d00000|100%| O|  |TAMS 0x00000000a2d00000, 0x00000000a2c00000| Updating 
|  15|0x00000000a2d00000, 0x00000000a2e00000, 0x00000000a2e00000|100%| O|  |TAMS 0x00000000a2e00000, 0x00000000a2d00000| Updating 
|  16|0x00000000a2e00000, 0x00000000a2f00000, 0x00000000a2f00000|100%| O|  |TAMS 0x00000000a2f00000, 0x00000000a2e00000| Updating 
|  17|0x00000000a2f00000, 0x00000000a3000000, 0x00000000a3000000|100%| O|  |TAMS 0x00000000a3000000, 0x00000000a2f00000| Updating 
|  18|0x00000000a3000000, 0x00000000a3100000, 0x00000000a3100000|100%| O|  |TAMS 0x00000000a3100000, 0x00000000a3000000| Updating 
|  19|0x00000000a3100000, 0x00000000a3200000, 0x00000000a3200000|100%| O|  |TAMS 0x00000000a3200000, 0x00000000a3100000| Updating 
|  20|0x00000000a3200000, 0x00000000a3300000, 0x00000000a3300000|100%| O|  |TAMS 0x00000000a3300000, 0x00000000a3200000| Updating 
|  21|0x00000000a3300000, 0x00000000a3400000, 0x00000000a3400000|100%| O|  |TAMS 0x00000000a3400000, 0x00000000a3300000| Updating 
|  22|0x00000000a3400000, 0x00000000a3500000, 0x00000000a3500000|100%| O|  |TAMS 0x00000000a3500000, 0x00000000a3400000| Updating 
|  23|0x00000000a3500000, 0x00000000a3600000, 0x00000000a3600000|100%| O|  |TAMS 0x00000000a3600000, 0x00000000a3500000| Updating 
|  24|0x00000000a3600000, 0x00000000a3700000, 0x00000000a3700000|100%| O|  |TAMS 0x00000000a3700000, 0x00000000a3600000| Updating 
|  25|0x00000000a3700000, 0x00000000a3800000, 0x00000000a3800000|100%| O|  |TAMS 0x00000000a3800000, 0x00000000a3700000| Updating 
|  26|0x00000000a3800000, 0x00000000a3900000, 0x00000000a3900000|100%| O|  |TAMS 0x00000000a3900000, 0x00000000a3800000| Updating 
|  27|0x00000000a3900000, 0x00000000a3a00000, 0x00000000a3a00000|100%| O|  |TAMS 0x00000000a3a00000, 0x00000000a3900000| Updating 
|  28|0x00000000a3a00000, 0x00000000a3b00000, 0x00000000a3b00000|100%| O|  |TAMS 0x00000000a3b00000, 0x00000000a3a00000| Updating 
|  29|0x00000000a3b00000, 0x00000000a3c00000, 0x00000000a3c00000|100%|HS|  |TAMS 0x00000000a3c00000, 0x00000000a3b00000| Complete 
|  30|0x00000000a3c00000, 0x00000000a3d00000, 0x00000000a3d00000|100%|HC|  |TAMS 0x00000000a3d00000, 0x00000000a3c00000| Complete 
|  31|0x00000000a3d00000, 0x00000000a3e00000, 0x00000000a3e00000|100%| O|  |TAMS 0x00000000a3e00000, 0x00000000a3d00000| Updating 
|  32|0x00000000a3e00000, 0x00000000a3f00000, 0x00000000a3f00000|100%| O|  |TAMS 0x00000000a3f00000, 0x00000000a3e00000| Updating 
|  33|0x00000000a3f00000, 0x00000000a4000000, 0x00000000a4000000|100%| O|  |TAMS 0x00000000a4000000, 0x00000000a3f00000| Updating 
|  34|0x00000000a4000000, 0x00000000a4100000, 0x00000000a4100000|100%| O|  |TAMS 0x00000000a4100000, 0x00000000a4000000| Updating 
|  35|0x00000000a4100000, 0x00000000a4200000, 0x00000000a4200000|100%| O|  |TAMS 0x00000000a4200000, 0x00000000a4100000| Updating 
|  36|0x00000000a4200000, 0x00000000a4300000, 0x00000000a4300000|100%| O|  |TAMS 0x00000000a4300000, 0x00000000a4200000| Updating 
|  37|0x00000000a4300000, 0x00000000a4400000, 0x00000000a4400000|100%| O|  |TAMS 0x00000000a4400000, 0x00000000a4300000| Updating 
|  38|0x00000000a4400000, 0x00000000a4500000, 0x00000000a4500000|100%| O|  |TAMS 0x00000000a4500000, 0x00000000a4400000| Updating 
|  39|0x00000000a4500000, 0x00000000a4600000, 0x00000000a4600000|100%| O|  |TAMS 0x00000000a4600000, 0x00000000a4500000| Updating 
|  40|0x00000000a4600000, 0x00000000a4700000, 0x00000000a4700000|100%| O|  |TAMS 0x00000000a4700000, 0x00000000a4600000| Updating 
|  41|0x00000000a4700000, 0x00000000a4800000, 0x00000000a4800000|100%| O|  |TAMS 0x00000000a4800000, 0x00000000a4700000| Updating 
|  42|0x00000000a4800000, 0x00000000a4900000, 0x00000000a4900000|100%| O|  |TAMS 0x00000000a4900000, 0x00000000a4800000| Updating 
|  43|0x00000000a4900000, 0x00000000a4a00000, 0x00000000a4a00000|100%| O|  |TAMS 0x00000000a4a00000, 0x00000000a4900000| Updating 
|  44|0x00000000a4a00000, 0x00000000a4b00000, 0x00000000a4b00000|100%| O|  |TAMS 0x00000000a4b00000, 0x00000000a4a00000| Updating 
|  45|0x00000000a4b00000, 0x00000000a4c00000, 0x00000000a4c00000|100%| O|  |TAMS 0x00000000a4c00000, 0x00000000a4b00000| Updating 
|  46|0x00000000a4c00000, 0x00000000a4d00000, 0x00000000a4d00000|100%| O|  |TAMS 0x00000000a4d00000, 0x00000000a4c00000| Updating 
|  47|0x00000000a4d00000, 0x00000000a4e00000, 0x00000000a4e00000|100%| O|  |TAMS 0x00000000a4e00000, 0x00000000a4d00000| Updating 
|  48|0x00000000a4e00000, 0x00000000a4f00000, 0x00000000a4f00000|100%| O|  |TAMS 0x00000000a4f00000, 0x00000000a4e00000| Updating 
|  49|0x00000000a4f00000, 0x00000000a5000000, 0x00000000a5000000|100%| O|  |TAMS 0x00000000a5000000, 0x00000000a4f00000| Updating 
|  50|0x00000000a5000000, 0x00000000a5100000, 0x00000000a5100000|100%| O|  |TAMS 0x00000000a5100000, 0x00000000a5000000| Updating 
|  51|0x00000000a5100000, 0x00000000a5200000, 0x00000000a5200000|100%| O|  |TAMS 0x00000000a5200000, 0x00000000a5100000| Updating 
|  52|0x00000000a5200000, 0x00000000a5300000, 0x00000000a5300000|100%| O|  |TAMS 0x00000000a5300000, 0x00000000a5200000| Updating 
|  53|0x00000000a5300000, 0x00000000a5400000, 0x00000000a5400000|100%| O|  |TAMS 0x00000000a5400000, 0x00000000a5300000| Updating 
|  54|0x00000000a5400000, 0x00000000a5500000, 0x00000000a5500000|100%| O|  |TAMS 0x00000000a5500000, 0x00000000a5400000| Updating 
|  55|0x00000000a5500000, 0x00000000a5600000, 0x00000000a5600000|100%| O|  |TAMS 0x00000000a5600000, 0x00000000a5500000| Updating 
|  56|0x00000000a5600000, 0x00000000a5700000, 0x00000000a5700000|100%| O|  |TAMS 0x00000000a5700000, 0x00000000a5600000| Updating 
|  57|0x00000000a5700000, 0x00000000a5800000, 0x00000000a5800000|100%| O|  |TAMS 0x00000000a5800000, 0x00000000a5700000| Updating 
|  58|0x00000000a5800000, 0x00000000a5900000, 0x00000000a5900000|100%| O|  |TAMS 0x00000000a5900000, 0x00000000a5800000| Updating 
|  59|0x00000000a5900000, 0x00000000a5a00000, 0x00000000a5a00000|100%| O|  |TAMS 0x00000000a5a00000, 0x00000000a5900000| Updating 
|  60|0x00000000a5a00000, 0x00000000a5b00000, 0x00000000a5b00000|100%| O|  |TAMS 0x00000000a5b00000, 0x00000000a5a00000| Updating 
|  61|0x00000000a5b00000, 0x00000000a5c00000, 0x00000000a5c00000|100%| O|  |TAMS 0x00000000a5c00000, 0x00000000a5b00000| Updating 
|  62|0x00000000a5c00000, 0x00000000a5d00000, 0x00000000a5d00000|100%| O|  |TAMS 0x00000000a5d00000, 0x00000000a5c00000| Updating 
|  63|0x00000000a5d00000, 0x00000000a5e00000, 0x00000000a5e00000|100%| O|  |TAMS 0x00000000a5e00000, 0x00000000a5d00000| Updating 
|  64|0x00000000a5e00000, 0x00000000a5f00000, 0x00000000a5f00000|100%| O|  |TAMS 0x00000000a5f00000, 0x00000000a5e00000| Updating 
|  65|0x00000000a5f00000, 0x00000000a6000000, 0x00000000a6000000|100%| O|  |TAMS 0x00000000a6000000, 0x00000000a5f00000| Updating 
|  66|0x00000000a6000000, 0x00000000a6100000, 0x00000000a6100000|100%| O|  |TAMS 0x00000000a6100000, 0x00000000a6000000| Updating 
|  67|0x00000000a6100000, 0x00000000a6200000, 0x00000000a6200000|100%| O|  |TAMS 0x00000000a6200000, 0x00000000a6100000| Updating 
|  68|0x00000000a6200000, 0x00000000a6300000, 0x00000000a6300000|100%| O|  |TAMS 0x00000000a6300000, 0x00000000a6200000| Updating 
|  69|0x00000000a6300000, 0x00000000a6400000, 0x00000000a6400000|100%| O|  |TAMS 0x00000000a6400000, 0x00000000a6300000| Updating 
|  70|0x00000000a6400000, 0x00000000a6500000, 0x00000000a6500000|100%| O|  |TAMS 0x00000000a6500000, 0x00000000a6400000| Updating 
|  71|0x00000000a6500000, 0x00000000a6600000, 0x00000000a6600000|100%| O|  |TAMS 0x00000000a6600000, 0x00000000a6500000| Updating 
|  72|0x00000000a6600000, 0x00000000a6700000, 0x00000000a6700000|100%| O|  |TAMS 0x00000000a6700000, 0x00000000a6600000| Updating 
|  73|0x00000000a6700000, 0x00000000a6800000, 0x00000000a6800000|100%| O|  |TAMS 0x00000000a6800000, 0x00000000a6700000| Updating 
|  74|0x00000000a6800000, 0x00000000a6900000, 0x00000000a6900000|100%| O|  |TAMS 0x00000000a6900000, 0x00000000a6800000| Updating 
|  75|0x00000000a6900000, 0x00000000a6a00000, 0x00000000a6a00000|100%| O|  |TAMS 0x00000000a6a00000, 0x00000000a6900000| Updating 
|  76|0x00000000a6a00000, 0x00000000a6b00000, 0x00000000a6b00000|100%| O|  |TAMS 0x00000000a6b00000, 0x00000000a6a00000| Updating 
|  77|0x00000000a6b00000, 0x00000000a6b00000, 0x00000000a6c00000|  0%| F|  |TAMS 0x00000000a6b00000, 0x00000000a6b00000| Untracked 
|  78|0x00000000a6c00000, 0x00000000a6c00000, 0x00000000a6d00000|  0%| F|  |TAMS 0x00000000a6c00000, 0x00000000a6c00000| Untracked 
|  79|0x00000000a6d00000, 0x00000000a6e00000, 0x00000000a6e00000|100%| O|  |TAMS 0x00000000a6e00000, 0x00000000a6d00000| Updating 
|  80|0x00000000a6e00000, 0x00000000a6f00000, 0x00000000a6f00000|100%| O|  |TAMS 0x00000000a6f00000, 0x00000000a6e00000| Updating 
|  81|0x00000000a6f00000, 0x00000000a7000000, 0x00000000a7000000|100%| O|  |TAMS 0x00000000a7000000, 0x00000000a6f00000| Updating 
|  82|0x00000000a7000000, 0x00000000a7100000, 0x00000000a7100000|100%| O|  |TAMS 0x00000000a7100000, 0x00000000a7000000| Updating 
|  83|0x00000000a7100000, 0x00000000a7200000, 0x00000000a7200000|100%| O|  |TAMS 0x00000000a7200000, 0x00000000a7100000| Updating 
|  84|0x00000000a7200000, 0x00000000a7300000, 0x00000000a7300000|100%| O|  |TAMS 0x00000000a7300000, 0x00000000a7200000| Updating 
|  85|0x00000000a7300000, 0x00000000a7400000, 0x00000000a7400000|100%| O|  |TAMS 0x00000000a7400000, 0x00000000a7300000| Updating 
|  86|0x00000000a7400000, 0x00000000a7500000, 0x00000000a7500000|100%| O|  |TAMS 0x00000000a7500000, 0x00000000a7400000| Updating 
|  87|0x00000000a7500000, 0x00000000a7600000, 0x00000000a7600000|100%| O|  |TAMS 0x00000000a7600000, 0x00000000a7500000| Updating 
|  88|0x00000000a7600000, 0x00000000a7700000, 0x00000000a7700000|100%| O|  |TAMS 0x00000000a7700000, 0x00000000a7600000| Updating 
|  89|0x00000000a7700000, 0x00000000a7800000, 0x00000000a7800000|100%| O|  |TAMS 0x00000000a77c3400, 0x00000000a7700000| Updating 
|  90|0x00000000a7800000, 0x00000000a7900000, 0x00000000a7900000|100%| O|  |TAMS 0x00000000a7800000, 0x00000000a7800000| Untracked 
|  91|0x00000000a7900000, 0x00000000a7a00000, 0x00000000a7a00000|100%| O|  |TAMS 0x00000000a7900000, 0x00000000a7900000| Untracked 
|  92|0x00000000a7a00000, 0x00000000a7b00000, 0x00000000a7b00000|100%| O|  |TAMS 0x00000000a7a00000, 0x00000000a7a00000| Untracked 
|  93|0x00000000a7b00000, 0x00000000a7c00000, 0x00000000a7c00000|100%| O|  |TAMS 0x00000000a7b00000, 0x00000000a7b00000| Untracked 
|  94|0x00000000a7c00000, 0x00000000a7c00000, 0x00000000a7d00000|  0%| F|  |TAMS 0x00000000a7c00000, 0x00000000a7c00000| Untracked 
|  95|0x00000000a7d00000, 0x00000000a7d00000, 0x00000000a7e00000|  0%| F|  |TAMS 0x00000000a7d00000, 0x00000000a7d00000| Untracked 
|  96|0x00000000a7e00000, 0x00000000a7e00000, 0x00000000a7f00000|  0%| F|  |TAMS 0x00000000a7e00000, 0x00000000a7e00000| Untracked 
|  97|0x00000000a7f00000, 0x00000000a7f00000, 0x00000000a8000000|  0%| F|  |TAMS 0x00000000a7f00000, 0x00000000a7f00000| Untracked 
|  98|0x00000000a8000000, 0x00000000a8000000, 0x00000000a8100000|  0%| F|  |TAMS 0x00000000a8000000, 0x00000000a8000000| Untracked 
|  99|0x00000000a8100000, 0x00000000a8100000, 0x00000000a8200000|  0%| F|  |TAMS 0x00000000a8100000, 0x00000000a8100000| Untracked 
| 100|0x00000000a8200000, 0x00000000a8200000, 0x00000000a8300000|  0%| F|  |TAMS 0x00000000a8200000, 0x00000000a8200000| Untracked 
| 101|0x00000000a8300000, 0x00000000a8300000, 0x00000000a8400000|  0%| F|  |TAMS 0x00000000a8300000, 0x00000000a8300000| Untracked 
| 102|0x00000000a8400000, 0x00000000a8400000, 0x00000000a8500000|  0%| F|  |TAMS 0x00000000a8400000, 0x00000000a8400000| Untracked 
| 103|0x00000000a8500000, 0x00000000a8500000, 0x00000000a8600000|  0%| F|  |TAMS 0x00000000a8500000, 0x00000000a8500000| Untracked 
| 104|0x00000000a8600000, 0x00000000a8600000, 0x00000000a8700000|  0%| F|  |TAMS 0x00000000a8600000, 0x00000000a8600000| Untracked 
| 105|0x00000000a8700000, 0x00000000a8700000, 0x00000000a8800000|  0%| F|  |TAMS 0x00000000a8700000, 0x00000000a8700000| Untracked 
| 106|0x00000000a8800000, 0x00000000a8800000, 0x00000000a8900000|  0%| F|  |TAMS 0x00000000a8800000, 0x00000000a8800000| Untracked 
| 107|0x00000000a8900000, 0x00000000a8900000, 0x00000000a8a00000|  0%| F|  |TAMS 0x00000000a8900000, 0x00000000a8900000| Untracked 
| 108|0x00000000a8a00000, 0x00000000a8a00000, 0x00000000a8b00000|  0%| F|  |TAMS 0x00000000a8a00000, 0x00000000a8a00000| Untracked 
| 109|0x00000000a8b00000, 0x00000000a8b00000, 0x00000000a8c00000|  0%| F|  |TAMS 0x00000000a8b00000, 0x00000000a8b00000| Untracked 
| 110|0x00000000a8c00000, 0x00000000a8c00000, 0x00000000a8d00000|  0%| F|  |TAMS 0x00000000a8c00000, 0x00000000a8c00000| Untracked 
| 111|0x00000000a8d00000, 0x00000000a8d00000, 0x00000000a8e00000|  0%| F|  |TAMS 0x00000000a8d00000, 0x00000000a8d00000| Untracked 
| 112|0x00000000a8e00000, 0x00000000a8e00000, 0x00000000a8f00000|  0%| F|  |TAMS 0x00000000a8e00000, 0x00000000a8e00000| Untracked 
| 113|0x00000000a8f00000, 0x00000000a8f91f30, 0x00000000a9000000| 57%| S|CS|TAMS 0x00000000a8f00000, 0x00000000a8f00000| Complete 
| 114|0x00000000a9000000, 0x00000000a9100000, 0x00000000a9100000|100%| S|CS|TAMS 0x00000000a9000000, 0x00000000a9000000| Complete 
| 115|0x00000000a9100000, 0x00000000a9200000, 0x00000000a9200000|100%| S|CS|TAMS 0x00000000a9100000, 0x00000000a9100000| Complete 
| 116|0x00000000a9200000, 0x00000000a9300000, 0x00000000a9300000|100%| S|CS|TAMS 0x00000000a9200000, 0x00000000a9200000| Complete 
| 117|0x00000000a9300000, 0x00000000a9300000, 0x00000000a9400000|  0%| F|  |TAMS 0x00000000a9300000, 0x00000000a9300000| Untracked 
| 118|0x00000000a9400000, 0x00000000a9400000, 0x00000000a9500000|  0%| F|  |TAMS 0x00000000a9400000, 0x00000000a9400000| Untracked 
| 119|0x00000000a9500000, 0x00000000a9500000, 0x00000000a9600000|  0%| F|  |TAMS 0x00000000a9500000, 0x00000000a9500000| Untracked 
| 120|0x00000000a9600000, 0x00000000a9600000, 0x00000000a9700000|  0%| F|  |TAMS 0x00000000a9600000, 0x00000000a9600000| Untracked 
| 121|0x00000000a9700000, 0x00000000a9700000, 0x00000000a9800000|  0%| F|  |TAMS 0x00000000a9700000, 0x00000000a9700000| Untracked 
| 122|0x00000000a9800000, 0x00000000a9900000, 0x00000000a9900000|100%| S|CS|TAMS 0x00000000a9800000, 0x00000000a9800000| Complete 
| 123|0x00000000a9900000, 0x00000000a9900000, 0x00000000a9a00000|  0%| F|  |TAMS 0x00000000a9900000, 0x00000000a9900000| Untracked 
| 124|0x00000000a9a00000, 0x00000000a9a00000, 0x00000000a9b00000|  0%| F|  |TAMS 0x00000000a9a00000, 0x00000000a9a00000| Untracked 
| 125|0x00000000a9b00000, 0x00000000a9b00000, 0x00000000a9c00000|  0%| F|  |TAMS 0x00000000a9b00000, 0x00000000a9b00000| Untracked 
| 126|0x00000000a9c00000, 0x00000000a9c00000, 0x00000000a9d00000|  0%| F|  |TAMS 0x00000000a9c00000, 0x00000000a9c00000| Untracked 
| 127|0x00000000a9d00000, 0x00000000a9d00000, 0x00000000a9e00000|  0%| F|  |TAMS 0x00000000a9d00000, 0x00000000a9d00000| Untracked 
| 128|0x00000000a9e00000, 0x00000000a9e00000, 0x00000000a9f00000|  0%| F|  |TAMS 0x00000000a9e00000, 0x00000000a9e00000| Untracked 
| 129|0x00000000a9f00000, 0x00000000a9f00000, 0x00000000aa000000|  0%| F|  |TAMS 0x00000000a9f00000, 0x00000000a9f00000| Untracked 
| 130|0x00000000aa000000, 0x00000000aa000000, 0x00000000aa100000|  0%| F|  |TAMS 0x00000000aa000000, 0x00000000aa000000| Untracked 
| 131|0x00000000aa100000, 0x00000000aa100000, 0x00000000aa200000|  0%| F|  |TAMS 0x00000000aa100000, 0x00000000aa100000| Untracked 
| 132|0x00000000aa200000, 0x00000000aa200000, 0x00000000aa300000|  0%| F|  |TAMS 0x00000000aa200000, 0x00000000aa200000| Untracked 
| 133|0x00000000aa300000, 0x00000000aa300000, 0x00000000aa400000|  0%| F|  |TAMS 0x00000000aa300000, 0x00000000aa300000| Untracked 
| 134|0x00000000aa400000, 0x00000000aa400000, 0x00000000aa500000|  0%| F|  |TAMS 0x00000000aa400000, 0x00000000aa400000| Untracked 
| 135|0x00000000aa500000, 0x00000000aa500000, 0x00000000aa600000|  0%| F|  |TAMS 0x00000000aa500000, 0x00000000aa500000| Untracked 
| 136|0x00000000aa600000, 0x00000000aa600000, 0x00000000aa700000|  0%| F|  |TAMS 0x00000000aa600000, 0x00000000aa600000| Untracked 
| 137|0x00000000aa700000, 0x00000000aa700000, 0x00000000aa800000|  0%| F|  |TAMS 0x00000000aa700000, 0x00000000aa700000| Untracked 
| 138|0x00000000aa800000, 0x00000000aa800000, 0x00000000aa900000|  0%| F|  |TAMS 0x00000000aa800000, 0x00000000aa800000| Untracked 
| 139|0x00000000aa900000, 0x00000000aa900000, 0x00000000aaa00000|  0%| F|  |TAMS 0x00000000aa900000, 0x00000000aa900000| Untracked 
| 140|0x00000000aaa00000, 0x00000000aaa00000, 0x00000000aab00000|  0%| F|  |TAMS 0x00000000aaa00000, 0x00000000aaa00000| Untracked 
| 141|0x00000000aab00000, 0x00000000aab00000, 0x00000000aac00000|  0%| F|  |TAMS 0x00000000aab00000, 0x00000000aab00000| Untracked 
| 142|0x00000000aac00000, 0x00000000aac00000, 0x00000000aad00000|  0%| F|  |TAMS 0x00000000aac00000, 0x00000000aac00000| Untracked 
| 143|0x00000000aad00000, 0x00000000aad00000, 0x00000000aae00000|  0%| F|  |TAMS 0x00000000aad00000, 0x00000000aad00000| Untracked 
| 144|0x00000000aae00000, 0x00000000aae00000, 0x00000000aaf00000|  0%| F|  |TAMS 0x00000000aae00000, 0x00000000aae00000| Untracked 
| 145|0x00000000aaf00000, 0x00000000aaf00000, 0x00000000ab000000|  0%| F|  |TAMS 0x00000000aaf00000, 0x00000000aaf00000| Untracked 
| 146|0x00000000ab000000, 0x00000000ab000000, 0x00000000ab100000|  0%| F|  |TAMS 0x00000000ab000000, 0x00000000ab000000| Untracked 
| 147|0x00000000ab100000, 0x00000000ab100000, 0x00000000ab200000|  0%| F|  |TAMS 0x00000000ab100000, 0x00000000ab100000| Untracked 
| 148|0x00000000ab200000, 0x00000000ab200000, 0x00000000ab300000|  0%| F|  |TAMS 0x00000000ab200000, 0x00000000ab200000| Untracked 
| 149|0x00000000ab300000, 0x00000000ab300000, 0x00000000ab400000|  0%| F|  |TAMS 0x00000000ab300000, 0x00000000ab300000| Untracked 
| 150|0x00000000ab400000, 0x00000000ab400000, 0x00000000ab500000|  0%| F|  |TAMS 0x00000000ab400000, 0x00000000ab400000| Untracked 
| 151|0x00000000ab500000, 0x00000000ab500000, 0x00000000ab600000|  0%| F|  |TAMS 0x00000000ab500000, 0x00000000ab500000| Untracked 
| 152|0x00000000ab600000, 0x00000000ab600000, 0x00000000ab700000|  0%| F|  |TAMS 0x00000000ab600000, 0x00000000ab600000| Untracked 
| 153|0x00000000ab700000, 0x00000000ab700000, 0x00000000ab800000|  0%| F|  |TAMS 0x00000000ab700000, 0x00000000ab700000| Untracked 
| 154|0x00000000ab800000, 0x00000000ab900000, 0x00000000ab900000|100%| E|  |TAMS 0x00000000ab800000, 0x00000000ab800000| Complete 
| 155|0x00000000ab900000, 0x00000000aba00000, 0x00000000aba00000|100%| E|CS|TAMS 0x00000000ab900000, 0x00000000ab900000| Complete 
| 156|0x00000000aba00000, 0x00000000abb00000, 0x00000000abb00000|100%| E|CS|TAMS 0x00000000aba00000, 0x00000000aba00000| Complete 

Card table byte_map: [0x000001cdf39c0000,0x000001cdf3cc0000] _byte_map_base: 0x000001cdf34b1000

Marking Bits (Prev, Next): (CMBitMap*) 0x000001cdeb194d20, (CMBitMap*) 0x000001cdeb194d60
 Prev Bits: [0x000001cdf3fc0000, 0x000001cdf5748000)
 Next Bits: [0x000001cdf5750000, 0x000001cdf6ed8000)

Polling page: 0x000001cdea940000

Metaspace:

Usage:
  Non-class:     70.02 MB capacity,    69.79 MB (>99%) used,   151.77 KB ( <1%) free+waste,    91.81 KB ( <1%) overhead. 
      Class:      8.52 MB capacity,     8.35 MB ( 98%) used,   150.05 KB (  2%) free+waste,    28.56 KB ( <1%) overhead. 
       Both:     78.54 MB capacity,    78.13 MB (>99%) used,   301.81 KB ( <1%) free+waste,   120.38 KB ( <1%) overhead. 

Virtual space:
  Non-class space:       72.00 MB reserved,      70.17 MB ( 97%) committed 
      Class space:        1.00 GB reserved,       8.63 MB ( <1%) committed 
             Both:        1.07 GB reserved,      78.80 MB (  7%) committed 

Chunk freelists:
   Non-Class:  24.00 KB
       Class:  10.00 KB
        Both:  34.00 KB

MaxMetaspaceSize: 17179869184.00 GB
CompressedClassSpaceSize: 1.00 GB

CodeHeap 'non-profiled nmethods': size=120000Kb used=7897Kb max_used=7897Kb free=112102Kb
 bounds [0x000001cd87ad0000, 0x000001cd88290000, 0x000001cd8f000000]
CodeHeap 'profiled nmethods': size=120000Kb used=41494Kb max_used=41494Kb free=78506Kb
 bounds [0x000001cd805a0000, 0x000001cd82e30000, 0x000001cd87ad0000]
CodeHeap 'non-nmethods': size=5760Kb used=1418Kb max_used=1494Kb free=4341Kb
 bounds [0x000001cd80000000, 0x000001cd80270000, 0x000001cd805a0000]
 total_blobs=14389 nmethods=13676 adapters=622
 compilation: enabled
              stopped_count=0, restarted_count=0
 full_count=0

Compilation events (20 events):
Event: 32.548 Thread 0x000001cdf938f850 16459       3       org.jetbrains.kotlin.backend.common.lower.InitializersLoweringBase::extractInitializers (401 bytes)
Event: 32.551 Thread 0x000001cdf938f850 nmethod 16459 0x000001cd82e19c90 code [0x000001cd82e1a200, 0x000001cd82e1dd88]
Event: 32.551 Thread 0x000001cdf938f850 16460       3       org.jetbrains.kotlin.backend.common.lower.InitializersLowering$lower$instanceInitializerStatements$1::invoke (72 bytes)
Event: 32.552 Thread 0x000001cdf938f850 nmethod 16460 0x000001cd82e1ef90 code [0x000001cd82e1f240, 0x000001cd82e202f8]
Event: 32.553 Thread 0x000001cdf938f850 16461       3       org.jetbrains.kotlin.ir.util.DeepCopyIrTreeWithSymbols::copyRemappedTypeArgumentsFrom (128 bytes)
Event: 32.554 Thread 0x000001cdf938f850 nmethod 16461 0x000001cd82e20690 code [0x000001cd82e20a00, 0x000001cd82e220b8]
Event: 32.556 Thread 0x000001cdf938f850 16462       3       org.jetbrains.kotlin.ir.types.impl.IrAbstractSimpleType::getVariance (4 bytes)
Event: 32.556 Thread 0x000001cdf938f850 nmethod 16462 0x000001cd82e22910 code [0x000001cd82e22aa0, 0x000001cd82e22bb8]
Event: 32.557 Thread 0x000001cdf938f850 16463       3       org.jetbrains.kotlin.ir.util.DeepCopyIrTreeWithSymbols::transformValueArguments (99 bytes)
Event: 32.558 Thread 0x000001cdf938f850 nmethod 16463 0x000001cd82e22c90 code [0x000001cd82e22ea0, 0x000001cd82e23538]
Event: 32.558 Thread 0x000001cdf938f850 16464       1       org.jetbrains.kotlin.ir.expressions.impl.IrFunctionReferenceImpl::getTypeArgumentsByIndex (5 bytes)
Event: 32.558 Thread 0x000001cdf938f850 nmethod 16464 0x000001cd88286410 code [0x000001cd882865a0, 0x000001cd88286658]
Event: 32.559 Thread 0x000001cdf938f850 16465       3       org.jetbrains.kotlin.backend.common.BodyLoweringVisitor::visitSetField (13 bytes)
Event: 32.560 Thread 0x000001cdf938f850 nmethod 16465 0x000001cd82e23790 code [0x000001cd82e23a20, 0x000001cd82e24738]
Event: 32.560 Thread 0x000001cdf938f850 16466       3       org.jetbrains.kotlin.backend.common.BodyLoweringVisitor::visitTypeOperator (13 bytes)
Event: 32.561 Thread 0x000001cdf938f850 nmethod 16466 0x000001cd82e24b90 code [0x000001cd82e24e20, 0x000001cd82e25ab8]
Event: 32.561 Thread 0x000001cdf938f850 16467       3       org.jetbrains.kotlin.backend.common.lower.InitializersLowering$lower$1::visitExpression (6 bytes)
Event: 32.562 Thread 0x000001cdf938f850 nmethod 16467 0x000001cd82e25e90 code [0x000001cd82e26140, 0x000001cd82e26d28]
Event: 32.568 Thread 0x000001cdf938f850 16468       3       org.jetbrains.kotlin.backend.common.DeclarationTransformer$Visitor::visitBranch (6 bytes)
Event: 32.570 Thread 0x000001cdf938f850 nmethod 16468 0x000001cd82e27190 code [0x000001cd82e274c0, 0x000001cd82e28548]

GC Heap History (20 events):
Event: 13.680 GC heap before
{Heap before GC invocations=19 (full 0):
 garbage-first heap   total 115712K, used 89088K [0x00000000a1e00000, 0x0000000100000000)
  region size 1024K, 36 young (36864K), 5 survivors (5120K)
 Metaspace       used 52044K, capacity 52451K, committed 52528K, reserved 1095680K
  class space    used 5882K, capacity 6009K, committed 6016K, reserved 1048576K
}
Event: 13.702 GC heap after
{Heap after GC invocations=20 (full 0):
 garbage-first heap   total 115712K, used 61065K [0x00000000a1e00000, 0x0000000100000000)
  region size 1024K, 4 young (4096K), 4 survivors (4096K)
 Metaspace       used 52044K, capacity 52451K, committed 52528K, reserved 1095680K
  class space    used 5882K, capacity 6009K, committed 6016K, reserved 1048576K
}
Event: 14.351 GC heap before
{Heap before GC invocations=21 (full 0):
 garbage-first heap   total 130048K, used 89737K [0x00000000a1e00000, 0x0000000100000000)
  region size 1024K, 32 young (32768K), 4 survivors (4096K)
 Metaspace       used 55356K, capacity 55693K, committed 55984K, reserved 1099776K
  class space    used 6407K, capacity 6529K, committed 6656K, reserved 1048576K
}
Event: 14.366 GC heap after
{Heap after GC invocations=22 (full 0):
 garbage-first heap   total 130048K, used 61873K [0x00000000a1e00000, 0x0000000100000000)
  region size 1024K, 1 young (1024K), 1 survivors (1024K)
 Metaspace       used 55356K, capacity 55693K, committed 55984K, reserved 1099776K
  class space    used 6407K, capacity 6529K, committed 6656K, reserved 1048576K
}
Event: 16.575 GC heap before
{Heap before GC invocations=22 (full 0):
 garbage-first heap   total 130048K, used 101809K [0x00000000a1e00000, 0x0000000100000000)
  region size 1024K, 40 young (40960K), 1 survivors (1024K)
 Metaspace       used 58543K, capacity 58914K, committed 59184K, reserved 1101824K
  class space    used 6637K, capacity 6766K, committed 6784K, reserved 1048576K
}
Event: 16.587 GC heap after
{Heap after GC invocations=23 (full 0):
 garbage-first heap   total 156672K, used 65275K [0x00000000a1e00000, 0x0000000100000000)
  region size 1024K, 5 young (5120K), 5 survivors (5120K)
 Metaspace       used 58543K, capacity 58914K, committed 59184K, reserved 1101824K
  class space    used 6637K, capacity 6766K, committed 6784K, reserved 1048576K
}
Event: 20.351 GC heap before
{Heap before GC invocations=24 (full 0):
 garbage-first heap   total 156672K, used 120571K [0x00000000a1e00000, 0x0000000100000000)
  region size 1024K, 59 young (60416K), 5 survivors (5120K)
 Metaspace       used 61808K, capacity 62207K, committed 62256K, reserved 1103872K
  class space    used 6904K, capacity 7027K, committed 7040K, reserved 1048576K
}
Event: 20.372 GC heap after
{Heap after GC invocations=25 (full 0):
 garbage-first heap   total 156672K, used 72008K [0x00000000a1e00000, 0x0000000100000000)
  region size 1024K, 8 young (8192K), 8 survivors (8192K)
 Metaspace       used 61808K, capacity 62207K, committed 62256K, reserved 1103872K
  class space    used 6904K, capacity 7027K, committed 7040K, reserved 1048576K
}
Event: 23.565 GC heap before
{Heap before GC invocations=25 (full 0):
 garbage-first heap   total 156672K, used 123208K [0x00000000a1e00000, 0x0000000100000000)
  region size 1024K, 57 young (58368K), 8 survivors (8192K)
 Metaspace       used 62582K, capacity 62970K, committed 63152K, reserved 1105920K
  class space    used 6937K, capacity 7065K, committed 7168K, reserved 1048576K
}
Event: 23.592 GC heap after
{Heap after GC invocations=26 (full 0):
 garbage-first heap   total 156672K, used 79300K [0x00000000a1e00000, 0x0000000100000000)
  region size 1024K, 7 young (7168K), 7 survivors (7168K)
 Metaspace       used 62582K, capacity 62970K, committed 63152K, reserved 1105920K
  class space    used 6937K, capacity 7065K, committed 7168K, reserved 1048576K
}
Event: 23.636 GC heap before
{Heap before GC invocations=26 (full 0):
 garbage-first heap   total 156672K, used 79300K [0x00000000a1e00000, 0x0000000100000000)
  region size 1024K, 8 young (8192K), 7 survivors (7168K)
 Metaspace       used 62586K, capacity 62976K, committed 63152K, reserved 1105920K
  class space    used 6937K, capacity 7066K, committed 7168K, reserved 1048576K
}
Event: 23.647 GC heap after
{Heap after GC invocations=27 (full 0):
 garbage-first heap   total 156672K, used 79724K [0x00000000a1e00000, 0x0000000100000000)
  region size 1024K, 1 young (1024K), 1 survivors (1024K)
 Metaspace       used 62586K, capacity 62976K, committed 63152K, reserved 1105920K
  class space    used 6937K, capacity 7066K, committed 7168K, reserved 1048576K
}
Event: 27.026 GC heap before
{Heap before GC invocations=28 (full 0):
 garbage-first heap   total 156672K, used 128876K [0x00000000a1e00000, 0x0000000100000000)
  region size 1024K, 47 young (48128K), 1 survivors (1024K)
 Metaspace       used 68029K, capacity 68484K, committed 68784K, reserved 1110016K
  class space    used 7412K, capacity 7562K, committed 7680K, reserved 1048576K
}
Event: 27.035 GC heap after
{Heap after GC invocations=29 (full 0):
 garbage-first heap   total 156672K, used 83777K [0x00000000a1e00000, 0x0000000100000000)
  region size 1024K, 3 young (3072K), 3 survivors (3072K)
 Metaspace       used 68029K, capacity 68484K, committed 68784K, reserved 1110016K
  class space    used 7412K, capacity 7562K, committed 7680K, reserved 1048576K
}
Event: 29.141 GC heap before
{Heap before GC invocations=29 (full 0):
 garbage-first heap   total 156672K, used 127809K [0x00000000a1e00000, 0x0000000100000000)
  region size 1024K, 46 young (47104K), 3 survivors (3072K)
 Metaspace       used 69694K, capacity 70158K, committed 70448K, reserved 1112064K
  class space    used 7562K, capacity 7734K, committed 7808K, reserved 1048576K
}
Event: 29.167 GC heap after
{Heap after GC invocations=30 (full 0):
 garbage-first heap   total 156672K, used 91766K [0x00000000a1e00000, 0x0000000100000000)
  region size 1024K, 6 young (6144K), 6 survivors (6144K)
 Metaspace       used 69694K, capacity 70158K, committed 70448K, reserved 1112064K
  class space    used 7562K, capacity 7734K, committed 7808K, reserved 1048576K
}
Event: 30.845 GC heap before
{Heap before GC invocations=31 (full 0):
 garbage-first heap   total 160768K, used 127606K [0x00000000a1e00000, 0x0000000100000000)
  region size 1024K, 41 young (41984K), 6 survivors (6144K)
 Metaspace       used 75997K, capacity 76462K, committed 76720K, reserved 1118208K
  class space    used 8220K, capacity 8406K, committed 8448K, reserved 1048576K
}
Event: 30.868 GC heap after
{Heap after GC invocations=32 (full 0):
 garbage-first heap   total 160768K, used 96363K [0x00000000a1e00000, 0x0000000100000000)
  region size 1024K, 5 young (5120K), 5 survivors (5120K)
 Metaspace       used 75997K, capacity 76462K, committed 76720K, reserved 1118208K
  class space    used 8220K, capacity 8406K, committed 8448K, reserved 1048576K
}
Event: 32.317 GC heap before
{Heap before GC invocations=32 (full 0):
 garbage-first heap   total 160768K, used 131179K [0x00000000a1e00000, 0x0000000100000000)
  region size 1024K, 39 young (39936K), 5 survivors (5120K)
 Metaspace       used 79951K, capacity 80430K, committed 80688K, reserved 1122304K
  class space    used 8546K, capacity 8726K, committed 8832K, reserved 1048576K
}
Event: 32.342 GC heap after
{Heap after GC invocations=33 (full 0):
 garbage-first heap   total 160768K, used 100935K [0x00000000a1e00000, 0x0000000100000000)
  region size 1024K, 5 young (5120K), 5 survivors (5120K)
 Metaspace       used 79951K, capacity 80430K, committed 80688K, reserved 1122304K
  class space    used 8546K, capacity 8726K, committed 8832K, reserved 1048576K
}

Deoptimization events (20 events):
Event: 31.899 Thread 0x000001cdeb1591b0 Uncommon trap: trap_request=0xffffffde fr.pc=0x000001cd87cf0194 relative=0x00000000000006d4
Event: 31.899 Thread 0x000001cdeb1591b0 Uncommon trap: reason=class_check action=maybe_recompile pc=0x000001cd87cf0194 method=java.lang.AbstractStringBuilder.append(Ljava/lang/CharSequence;)Ljava/lang/AbstractStringBuilder; @ 10 c2
Event: 31.899 Thread 0x000001cdeb1591b0 DEOPT PACKING pc=0x000001cd87cf0194 sp=0x000000358e7fd1a0
Event: 31.899 Thread 0x000001cdeb1591b0 DEOPT UNPACKING pc=0x000001cd8004e42f sp=0x000000358e7fd180 mode 2
Event: 31.899 Thread 0x000001cdeb1591b0 Uncommon trap: trap_request=0xffffffde fr.pc=0x000001cd87cf0194 relative=0x00000000000006d4
Event: 31.899 Thread 0x000001cdeb1591b0 Uncommon trap: reason=class_check action=maybe_recompile pc=0x000001cd87cf0194 method=java.lang.AbstractStringBuilder.append(Ljava/lang/CharSequence;)Ljava/lang/AbstractStringBuilder; @ 10 c2
Event: 31.899 Thread 0x000001cdeb1591b0 DEOPT PACKING pc=0x000001cd87cf0194 sp=0x000000358e7fd1a0
Event: 31.899 Thread 0x000001cdeb1591b0 DEOPT UNPACKING pc=0x000001cd8004e42f sp=0x000000358e7fd180 mode 2
Event: 31.930 Thread 0x000001cdeb1591b0 Uncommon trap: trap_request=0xffffffde fr.pc=0x000001cd881c6aa8 relative=0x0000000000000088
Event: 31.930 Thread 0x000001cdeb1591b0 Uncommon trap: reason=class_check action=maybe_recompile pc=0x000001cd881c6aa8 method=org.jetbrains.kotlin.ir.declarations.IrValueParameter.acceptChildren(Lorg/jetbrains/kotlin/ir/visitors/IrElementVisitor;Ljava/lang/Object;)V @ 7 c2
Event: 31.930 Thread 0x000001cdeb1591b0 DEOPT PACKING pc=0x000001cd881c6aa8 sp=0x000000358e7fc060
Event: 31.930 Thread 0x000001cdeb1591b0 DEOPT UNPACKING pc=0x000001cd8004e42f sp=0x000000358e7fbff8 mode 2
Event: 31.980 Thread 0x000001cdeb1591b0 Uncommon trap: trap_request=0xffffffde fr.pc=0x000001cd881c6aa8 relative=0x0000000000000088
Event: 31.980 Thread 0x000001cdeb1591b0 Uncommon trap: reason=class_check action=maybe_recompile pc=0x000001cd881c6aa8 method=org.jetbrains.kotlin.ir.declarations.IrValueParameter.acceptChildren(Lorg/jetbrains/kotlin/ir/visitors/IrElementVisitor;Ljava/lang/Object;)V @ 7 c2
Event: 31.980 Thread 0x000001cdeb1591b0 DEOPT PACKING pc=0x000001cd881c6aa8 sp=0x000000358e7fc140
Event: 31.980 Thread 0x000001cdeb1591b0 DEOPT UNPACKING pc=0x000001cd8004e42f sp=0x000000358e7fc0d8 mode 2
Event: 32.124 Thread 0x000001cdeb1591b0 Uncommon trap: trap_request=0xffffff45 fr.pc=0x000001cd88269a88 relative=0x0000000000000528
Event: 32.124 Thread 0x000001cdeb1591b0 Uncommon trap: reason=unstable_if action=reinterpret pc=0x000001cd88269a88 method=org.jetbrains.kotlin.ir.util.TransformKt.replaceInPlace(Ljava/util/List;Ljava/util/List;I)I @ 44 c2
Event: 32.124 Thread 0x000001cdeb1591b0 DEOPT PACKING pc=0x000001cd88269a88 sp=0x000000358e7fd7e0
Event: 32.124 Thread 0x000001cdeb1591b0 DEOPT UNPACKING pc=0x000001cd8004e42f sp=0x000000358e7fd790 mode 2

Classes unloaded (0 events):
No events

Classes redefined (0 events):
No events

Internal exceptions (20 events):
Event: 15.010 Thread 0x000001cdeb1591b0 Exception <a 'java/lang/NoSuchMethodError'{0x00000000a87ab830}: 'java.lang.Object java.lang.invoke.Invokers$Holder.linkToTargetMethod(java.lang.Object, java.lang.Object, java.lang.Object, java.lang.Object, java.lang.Object, java.lang.Object, java.lang.Object)'> (0x00000000a87ab830) 
thrown [./src/hotspot/share/interpreter/linkResolver.cpp, line 782]
Event: 15.054 Thread 0x000001cdeb1591b0 Exception <a 'java/lang/NoSuchMethodError'{0x00000000a8683a60}: 'java.lang.Object java.lang.invoke.DirectMethodHandle$Holder.invokeInterface(java.lang.Object, java.lang.Object, java.lang.Object)'> (0x00000000a8683a60) 
thrown [./src/hotspot/share/interpreter/linkResolver.cpp, line 782]
Event: 15.055 Thread 0x000001cdeb1591b0 Exception <a 'java/lang/IncompatibleClassChangeError'{0x00000000a86875a0}: Found class java.lang.Object, but interface was expected> (0x00000000a86875a0) 
thrown [./src/hotspot/share/interpreter/linkResolver.cpp, line 848]
Event: 15.251 Thread 0x000001cdeb1591b0 Implicit null exception at 0x000001cd87ae7abc to 0x000001cd87ae892c
Event: 15.474 Thread 0x000001cdeb1591b0 Implicit null exception at 0x000001cd87aec372 to 0x000001cd87aec918
Event: 15.495 Thread 0x000001cdeb1591b0 Implicit null exception at 0x000001cd87aed472 to 0x000001cd87aeda28
Event: 16.616 Thread 0x000001cdeb1591b0 Implicit null exception at 0x000001cd87f7d082 to 0x000001cd87f7d6a8
Event: 18.180 Thread 0x000001cdeb1591b0 Exception <a 'java/lang/NoSuchMethodError'{0x00000000aaa2dd48}: 'int java.lang.invoke.DirectMethodHandle$Holder.invokeStaticInit(java.lang.Object, int)'> (0x00000000aaa2dd48) 
thrown [./src/hotspot/share/interpreter/linkResolver.cpp, line 782]
Event: 18.485 Thread 0x000001cdeb1591b0 Implicit null exception at 0x000001cd87d481d8 to 0x000001cd87d489e8
Event: 19.881 Thread 0x000001cdeb1591b0 Implicit null exception at 0x000001cd87d9ae03 to 0x000001cd87d9d77c
Event: 22.434 Thread 0x000001cdeb1591b0 Implicit null exception at 0x000001cd88013884 to 0x000001cd88015c88
Event: 23.146 Thread 0x000001cdeb1591b0 Implicit null exception at 0x000001cd87fa112b to 0x000001cd87fa26f8
Event: 26.470 Thread 0x000001cdeb1591b0 Exception <a 'java/lang/NoSuchMethodError'{0x00000000a98553a0}: 'java.lang.Object java.lang.invoke.DirectMethodHandle$Holder.invokeStaticInit(java.lang.Object, java.lang.Object, java.lang.Object, java.lang.Object)'> (0x00000000a98553a0) 
thrown [./src/hotspot/share/interpreter/linkResolver.cpp, line 782]
Event: 26.708 Thread 0x000001cdeb1591b0 Exception <a 'java/lang/NoSuchMethodError'{0x00000000a8e28150}: 'int java.lang.invoke.DirectMethodHandle$Holder.invokeStaticInit(java.lang.Object, java.lang.Object, java.lang.Object, java.lang.Object)'> (0x00000000a8e28150) 
thrown [./src/hotspot/share/interpreter/linkResolver.cpp, line 782]
Event: 26.775 Thread 0x000001cdeb1591b0 Exception <a 'java/lang/NoSuchMethodError'{0x00000000a8cb3d58}: 'java.lang.Object java.lang.invoke.DirectMethodHandle$Holder.newInvokeSpecial(java.lang.Object, java.lang.Object, java.lang.Object, int, int)'> (0x00000000a8cb3d58) 
thrown [./src/hotspot/share/interpreter/linkResolver.cpp, line 782]
Event: 26.775 Thread 0x000001cdeb1591b0 Exception <a 'java/lang/NoSuchMethodError'{0x00000000a8cb7c80}: 'java.lang.Object java.lang.invoke.DirectMethodHandle$Holder.invokeSpecial(java.lang.Object, java.lang.Object, java.lang.Object, java.lang.Object, int, int)'> (0x00000000a8cb7c80) 
thrown [./src/hotspot/share/interpreter/linkResolver.cpp, line 782]
Event: 27.769 Thread 0x000001cdeb1591b0 Exception <a 'java/lang/NoSuchMethodError'{0x00000000ab024828}: 'java.lang.Object java.lang.invoke.DirectMethodHandle$Holder.invokeSpecial(java.lang.Object, java.lang.Object, int, int, java.lang.Object, java.lang.Object, java.lang.Object, java.lang.Object, java.lang.Object)'> (0x00000000ab024828) 
thrown [./src/hotspot/share/interpreter/linkResolver.cpp, line 782]
Event: 27.961 Thread 0x000001cdeb1591b0 Implicit null exception at 0x000001cd87b4288e to 0x000001cd87b42b88
Event: 28.924 Thread 0x000001cdeb1591b0 Exception <a 'java/lang/NoSuchMethodError'{0x00000000a9636ee8}: 'java.lang.Object java.lang.invoke.DirectMethodHandle$Holder.newInvokeSpecial(java.lang.Object, java.lang.Object, int, int, java.lang.Object, java.lang.Object, java.lang.Object)'> (0x00000000a9636ee8) 
thrown [./src/hotspot/share/interpreter/linkResolver.cpp, line 782]
Event: 28.925 Thread 0x000001cdeb1591b0 Exception <a 'java/lang/NoSuchMethodError'{0x00000000a963b940}: 'java.lang.Object java.lang.invoke.DirectMethodHandle$Holder.invokeSpecial(java.lang.Object, java.lang.Object, java.lang.Object, int, int, java.lang.Object, java.lang.Object, java.lang.Object)'> (0x00000000a963b940) 
thrown [./src/hotspot/share/interpreter/linkResolver.cpp, line 782]

Events (20 events):
Event: 31.159 Executing VM operation: HandshakeAllThreads done
Event: 31.264 Executing VM operation: ICBufferFull
Event: 31.265 Executing VM operation: ICBufferFull done
Event: 31.476 Executing VM operation: ICBufferFull
Event: 31.477 Executing VM operation: ICBufferFull done
Event: 31.652 Executing VM operation: HandshakeAllThreads
Event: 31.652 Executing VM operation: HandshakeAllThreads done
Event: 31.654 Executing VM operation: HandshakeAllThreads
Event: 31.654 Executing VM operation: HandshakeAllThreads done
Event: 31.672 Executing VM operation: ICBufferFull
Event: 31.673 Executing VM operation: ICBufferFull done
Event: 31.809 Executing VM operation: HandshakeAllThreads
Event: 31.809 Executing VM operation: HandshakeAllThreads done
Event: 31.841 Executing VM operation: ICBufferFull
Event: 31.842 Executing VM operation: ICBufferFull done
Event: 32.020 Executing VM operation: ICBufferFull
Event: 32.020 Executing VM operation: ICBufferFull done
Event: 32.317 Executing VM operation: G1CollectForAllocation
Event: 32.342 Executing VM operation: G1CollectForAllocation done
Event: 32.609 Executing VM operation: G1Concurrent


Dynamic libraries:
0x00007ff77f790000 - 0x00007ff77f79d000 	C:\Program Files\Zulu\zulu-15\bin\java.exe
0x00007fff4ff50000 - 0x00007fff50145000 	C:\windows\SYSTEM32\ntdll.dll
0x00007fff4f6c0000 - 0x00007fff4f77e000 	C:\windows\System32\KERNEL32.DLL
0x00007fff4d630000 - 0x00007fff4d8f8000 	C:\windows\System32\KERNELBASE.dll
0x00007fff4d950000 - 0x00007fff4da50000 	C:\windows\System32\ucrtbase.dll
0x00007fff37df0000 - 0x00007fff37e05000 	C:\Program Files\Zulu\zulu-15\bin\VCRUNTIME140.dll
0x00007fff37ed0000 - 0x00007fff37ee8000 	C:\Program Files\Zulu\zulu-15\bin\jli.dll
0x00007fff4f510000 - 0x00007fff4f6b1000 	C:\windows\System32\USER32.dll
0x00007fff4df30000 - 0x00007fff4df52000 	C:\windows\System32\win32u.dll
0x00007fff37f70000 - 0x00007fff3820a000 	C:\windows\WinSxS\amd64_microsoft.windows.common-controls_6595b64144ccf1df_6.0.19041.1110_none_60b5254171f9507e\COMCTL32.dll
0x00007fff4e840000 - 0x00007fff4e86b000 	C:\windows\System32\GDI32.dll
0x00007fff4f470000 - 0x00007fff4f50e000 	C:\windows\System32\msvcrt.dll
0x00007fff4dcd0000 - 0x00007fff4dddd000 	C:\windows\System32\gdi32full.dll
0x00007fff4dde0000 - 0x00007fff4de7d000 	C:\windows\System32\msvcp_win.dll
0x00007fff4e530000 - 0x00007fff4e560000 	C:\windows\System32\IMM32.DLL
0x00007fff1c3b0000 - 0x00007fff1c44b000 	C:\Program Files\Zulu\zulu-15\bin\msvcp140.dll
0x00007ffee8090000 - 0x00007ffee8c2c000 	C:\Program Files\Zulu\zulu-15\bin\server\jvm.dll
0x00007fff4e870000 - 0x00007fff4e91e000 	C:\windows\System32\ADVAPI32.dll
0x00007fff4ebd0000 - 0x00007fff4ec6c000 	C:\windows\System32\sechost.dll
0x00007fff4df80000 - 0x00007fff4e0a5000 	C:\windows\System32\RPCRT4.dll
0x00007fff4f320000 - 0x00007fff4f328000 	C:\windows\System32\PSAPI.DLL
0x00007fff34af0000 - 0x00007fff34af9000 	C:\windows\SYSTEM32\WSOCK32.dll
0x00007fff44a30000 - 0x00007fff44a57000 	C:\windows\SYSTEM32\WINMM.dll
0x00007fff44a60000 - 0x00007fff44a6a000 	C:\windows\SYSTEM32\VERSION.dll
0x00007fff4edd0000 - 0x00007fff4ee3b000 	C:\windows\System32\WS2_32.dll
0x00007fff4b520000 - 0x00007fff4b532000 	C:\windows\SYSTEM32\kernel.appcore.dll
0x00007fff46660000 - 0x00007fff4666a000 	C:\Program Files\Zulu\zulu-15\bin\jimage.dll
0x00007fff36480000 - 0x00007fff36664000 	C:\windows\SYSTEM32\DBGHELP.DLL
0x00007fff2f1f0000 - 0x00007fff2f21c000 	C:\windows\SYSTEM32\dbgcore.DLL
0x00007fff4da80000 - 0x00007fff4db02000 	C:\windows\System32\bcryptPrimitives.dll
0x00007fff2cb50000 - 0x00007fff2cb75000 	C:\Program Files\Zulu\zulu-15\bin\java.dll
0x00007fff4f790000 - 0x00007fff4fed4000 	C:\windows\System32\SHELL32.dll
0x00007fff4b720000 - 0x00007fff4beb5000 	C:\windows\SYSTEM32\windows.storage.dll
0x00007fff4eea0000 - 0x00007fff4f1f5000 	C:\windows\System32\combase.dll
0x00007fff4cfb0000 - 0x00007fff4cfde000 	C:\windows\SYSTEM32\Wldp.dll
0x00007fff4e790000 - 0x00007fff4e83d000 	C:\windows\System32\SHCORE.dll
0x00007fff4ee40000 - 0x00007fff4ee95000 	C:\windows\System32\shlwapi.dll
0x00007fff4d570000 - 0x00007fff4d58f000 	C:\windows\SYSTEM32\profapi.dll
0x00007fff373f0000 - 0x00007fff37409000 	C:\Program Files\Zulu\zulu-15\bin\net.dll
0x00007fff3e890000 - 0x00007fff3e99c000 	C:\windows\SYSTEM32\WINHTTP.dll
0x00007fff4cd10000 - 0x00007fff4cd7a000 	C:\windows\system32\mswsock.dll
0x00007fff206e0000 - 0x00007fff206f2000 	C:\Program Files\Zulu\zulu-15\bin\nio.dll
0x00007fff1d570000 - 0x00007fff1d588000 	C:\Program Files\Zulu\zulu-15\bin\zip.dll
0x00007fff37eb0000 - 0x00007fff37ec0000 	C:\Program Files\Zulu\zulu-15\bin\verify.dll

dbghelp: loaded successfully - version: 4.0.5 - missing functions: none
symbol engine: initialized successfully - sym options: 0x614 - pdb path: .;C:\Program Files\Zulu\zulu-15\bin;C:\windows\SYSTEM32;C:\windows\WinSxS\amd64_microsoft.windows.common-controls_6595b64144ccf1df_6.0.19041.1110_none_60b5254171f9507e;C:\Program Files\Zulu\zulu-15\bin\server

VM Arguments:
java_command: org.jetbrains.kotlin.cli.jvm.K2JVMCompiler @D:\dicoding sub2\Star-StoryApp\StoryApp-master\app\build\20230604_6188494960767117039.compiler.options
java_class_path (initial): C:\Users\H P\.gradle\caches\modules-2\files-2.1\org.jetbrains.kotlin\kotlin-compiler-embeddable\1.7.21\a36688d6a38ea94ac3fce84e198ea2cb6c6a8e88\kotlin-compiler-embeddable-1.7.21.jar;C:\Users\H P\.gradle\caches\modules-2\files-2.1\org.jetbrains.kotlin\kotlin-reflect\1.7.21\ad6d09bc4db0eab1069112eea8ebea0be7be44f\kotlin-reflect-1.7.21.jar;C:\Users\H P\.gradle\caches\modules-2\files-2.1\org.jetbrains.kotlin\kotlin-stdlib\1.7.21\1a2eaf898a0dda83037034b10a42053cf8a7caf8\kotlin-stdlib-1.7.21.jar;C:\Users\H P\.gradle\caches\modules-2\files-2.1\org.jetbrains.kotlin\kotlin-script-runtime\1.7.21\b06d5c58297dccce2a0f69b0636804b0a73b3b9\kotlin-script-runtime-1.7.21.jar;C:\Users\H P\.gradle\caches\modules-2\files-2.1\org.jetbrains.kotlin\kotlin-daemon-embeddable\1.7.21\b94818f660cc50f5d39f04b6396ac38e4d3a9eb7\kotlin-daemon-embeddable-1.7.21.jar;C:\Users\H P\.gradle\caches\modules-2\files-2.1\org.jetbrains.intellij.deps\trove4j\1.0.20200330\3afb14d5f9ceb459d724e907a21145e8ff394f02\trove4j-1.0.20200330.jar;C:\Users\H P\.gradle\caches\modules-2\files-2.1\net.java.dev.jna\jna\5.6.0\330f2244e9030119ab3030fc3fededc86713d9cc\jna-5.6.0.jar;C:\Users\H P\.gradle\caches\modules-2\files-2.1\org.jetbrains.kotlin\kotlin-stdlib-common\1.7.21\cb02257de8e13e8498f8e2f69f742f2d438e794d\kotlin-stdlib-common-1.7.21.jar;C:\Users\H P\.gradle\caches\modules-2\files-2.1\org.jetbrains\annotations\13.0\919f0dfe192fb4e063e7dacadee7f8bb9a2672a9\annotations-13.0.jar
Launcher Type: SUN_STANDARD

[Global flags]
     intx CICompilerCount                          = 3                                         {product} {ergonomic}
     uint ConcGCThreads                            = 1                                         {product} {ergonomic}
     uint G1ConcRefinementThreads                  = 4                                         {product} {ergonomic}
   size_t G1HeapRegionSize                         = 1048576                                   {product} {ergonomic}
    uintx GCDrainStackTargetSize                   = 64                                        {product} {ergonomic}
   size_t InitialHeapSize                          = 100663296                                 {product} {ergonomic}
   size_t MarkStackSize                            = 4194304                                   {product} {ergonomic}
   size_t MaxHeapSize                              = 1579155456                                {product} {ergonomic}
   size_t MaxNewSize                               = 946864128                                 {product} {ergonomic}
   size_t MinHeapDeltaBytes                        = 1048576                                   {product} {ergonomic}
   size_t MinHeapSize                              = 8388608                                   {product} {ergonomic}
    uintx NonNMethodCodeHeapSize                   = 5832780                                {pd product} {ergonomic}
    uintx NonProfiledCodeHeapSize                  = 122912730                              {pd product} {ergonomic}
    uintx ProfiledCodeHeapSize                     = 122912730                              {pd product} {ergonomic}
    uintx ReservedCodeCacheSize                    = 251658240                              {pd product} {ergonomic}
     bool SegmentedCodeCache                       = true                                      {product} {ergonomic}
   size_t SoftMaxHeapSize                          = 1579155456                             {manageable} {ergonomic}
     bool UseCompressedClassPointers               = true                                 {lp64_product} {ergonomic}
     bool UseCompressedOops                        = true                                 {lp64_product} {ergonomic}
     bool UseG1GC                                  = true                                      {product} {ergonomic}
     bool UseLargePagesIndividualAllocation        = false                                  {pd product} {ergonomic}

Logging:
Log output configuration:
 #0: stdout all=warning uptime,level,tags
 #1: stderr all=off uptime,level,tags

Environment Variables:
JAVA_HOME=C:\Program Files\Zulu\zulu-15
PATH=C:\Program Files\Zulu\zulu-15\bin\;C:\oraclexe\app\oracle\product\10.2.0\server\bin;C:\Program Files\Common Files\Oracle\Java\javapath;C:\Program Files (x86)\Common Files\Oracle\Java\javapath;C:\windows\system32;C:\windows;C:\windows\System32\Wbem;C:\windows\System32\WindowsPowerShell\v1.0\;C:\windows\System32\OpenSSH\;C:\Program Files (x86)\dotnet\;C:\Users\H P\Downloads\gradle-6.6-bin\gradle-6.6\bin;C:\Program Files\Git\cmd;C:\Users\H P\AppData\Local\Microsoft\WindowsApps;;C:\Users\H P\AppData\Local\Programs\Microsoft VS Code\bin
USERNAME=H P
OS=Windows_NT
PROCESSOR_IDENTIFIER=AMD64 Family 23 Model 24 Stepping 1, AuthenticAMD



---------------  S Y S T E M  ---------------

OS:
 Windows 10 , 64 bit Build 19041 (10.0.19041.1466)
OS uptime: 5 days 5:51 hours

CPU: total 4 (initial active 4) (4 cores per cpu, 2 threads per core) family 23 model 24 stepping 1 microcode 0x0, cmov, cx8, fxsr, mmx, sse, sse2, sse3, ssse3, sse4.1, sse4.2, popcnt, vzeroupper, avx, avx2, aes, clmul, 3dnowpref, lzcnt, sse4a, ht, tsc, tscinvbit, tscinv, bmi1, bmi2, adx, sha, fma, clflush, clflushopt

Memory: 4k page, system-wide physical 6023M (545M free)
TotalPageFile size 24455M (AvailPageFile size 12M)
current process WorkingSet (physical memory assigned to process): 403M, peak: 407M
current process commit charge ("private bytes"): 438M, peak: 446M

vm_info: OpenJDK 64-Bit Server VM (15.0.10+5-MTS) for windows-amd64 JRE (15.0.10+5-MTS) (Zulu15.46+17-CA), built on Jan  7 2023 17:34:05 by "zulu_re" with MS VC++ 15.9 (VS2017)

END.
