#
# There is insufficient memory for the Java Runtime Environment to continue.
# Native memory allocation (mmap) failed to map 38797312 bytes for G1 virtual space
# Possible reasons:
#   The system is out of physical RAM or swap space
#   The process is running with CompressedOops enabled, and the Java Heap may be blocking the growth of the native heap
# Possible solutions:
#   Reduce memory load on the system
#   Increase physical memory or swap space
#   Check if swap backing store is full
#   Decrease Java heap size (-Xmx/-Xms)
#   Decrease number of Java threads
#   Decrease Java thread stack sizes (-Xss)
#   Set larger code cache with -XX:ReservedCodeCacheSize=
#   JVM is running with Unscaled Compressed Oops mode in which the Java heap is
#     placed in the first 4GB address space. The Java Heap base address is the
#     maximum limit for the native heap growth. Please use -XX:HeapBaseMinAddress
#     to set the Java Heap base and to place the Java Heap above 4GB virtual address.
# This output file may be truncated or incomplete.
#
#  Out of Memory Error (./src/hotspot/os/windows/os_windows.cpp:3331), pid=60324, tid=53584
#
# JRE version: OpenJDK Runtime Environment Zulu15.46+17-CA (15.0.10+5) (build 15.0.10+5-MTS)
# Java VM: OpenJDK 64-Bit Server VM Zulu15.46+17-CA (15.0.10+5-MTS, mixed mode, sharing, tiered, compressed oops, g1 gc, windows-amd64)
# No core dump will be written. Minidumps are not enabled by default on client versions of Windows
#

---------------  S U M M A R Y ------------

Command Line: --add-opens=java.base/java.util=ALL-UNNAMED --add-opens=java.base/java.lang=ALL-UNNAMED --add-opens=java.base/java.lang.invoke=ALL-UNNAMED --add-opens=java.base/java.util=ALL-UNNAMED --add-opens=java.prefs/java.util.prefs=ALL-UNNAMED --add-opens=java.prefs/java.util.prefs=ALL-UNNAMED --add-opens=java.base/java.nio.charset=ALL-UNNAMED --add-opens=java.base/java.net=ALL-UNNAMED --add-opens=java.base/java.util.concurrent.atomic=ALL-UNNAMED -Xmx2048m -Dfile.encoding=UTF-8 -Duser.country=ID -Duser.language=en -Duser.variant org.gradle.launcher.daemon.bootstrap.GradleDaemon 7.5

Host: AMD Ryzen 3 3250U with Radeon Graphics         , 4 cores, 5G,  Windows 10 , 64 bit Build 19041 (10.0.19041.1466)
Time: Sun Jun  4 13:03:54 2023 SE Asia Standard Time elapsed time: 45.078362 seconds (0d 0h 0m 45s)

---------------  T H R E A D  ---------------

Current thread (0x0000024e51d423b0):  VMThread "VM Thread" [stack: 0x000000bb85200000,0x000000bb85300000] [id=53584]

Stack: [0x000000bb85200000,0x000000bb85300000]
[error occurred during error reporting (printing stack bounds), id 0xc0000005, EXCEPTION_ACCESS_VIOLATION (0xc0000005) at pc=0x0000024e3bcb10ad]

Native frames: (J=compiled Java code, j=interpreted, Vv=VM code, C=native code)
V  [jvm.dll+0x6037ba]
V  [jvm.dll+0x7a3729]
V  [jvm.dll+0x7a4e83]
V  [jvm.dll+0x7a5435]
V  [jvm.dll+0x7a53eb]
V  [jvm.dll+0x602bdf]
V  [jvm.dll+0x6033a8]
C  [ntdll.dll+0xa20cf]
C  [ntdll.dll+0x51454]
C  [ntdll.dll+0xa0bfe]
C  0x0000024e3bcb10ad

VM_Operation (0x000000bb84eff690): G1Concurrent, mode: safepoint, requested by thread 0x0000024e3379b280


---------------  P R O C E S S  ---------------

Threads class SMR info:
_java_thread_list=0x0000024e545d7380, length=79, elements={
0x0000024e3374e090, 0x0000024e3382e5c0, 0x0000024e51d47920, 0x0000024e51d5e740,
0x0000024e51d5fa20, 0x0000024e51d602e0, 0x0000024e51d644d0, 0x0000024e51d66f90,
0x0000024e51d719b0, 0x0000024e52798090, 0x0000024e527b7ee0, 0x0000024e53a6c920,
0x0000024e5407de50, 0x0000024e5351fb20, 0x0000024e538ec7d0, 0x0000024e51dcfd30,
0x0000024e52c1cf00, 0x0000024e52a221d0, 0x0000024e535fe490, 0x0000024e535fe960,
0x0000024e54806560, 0x0000024e54805220, 0x0000024e548056f0, 0x0000024e54806a30,
0x0000024e548043b0, 0x0000024e54803070, 0x0000024e54804880, 0x0000024e54805bc0,
0x0000024e54806090, 0x0000024e54803540, 0x0000024e54804d50, 0x0000024e54803a10,
0x0000024e54868390, 0x0000024e5486aee0, 0x0000024e5486a070, 0x0000024e5486da30,
0x0000024e54868d30, 0x0000024e5486a540, 0x0000024e5486b880, 0x0000024e5486f710,
0x0000024e5486d560, 0x0000024e5486c220, 0x0000024e5486c6f0, 0x0000024e54869200,
0x0000024e5486ed70, 0x0000024e5486cbc0, 0x0000024e5486fbe0, 0x0000024e54868860,
0x0000024e5486d090, 0x0000024e5486f240, 0x0000024e548696d0, 0x0000024e54869ba0,
0x0000024e5353aba0, 0x0000024e535389f0, 0x0000024e5353a6d0, 0x0000024e53539860,
0x0000024e53538ec0, 0x0000024e5353f8a0, 0x0000024e5353cd50, 0x0000024e53539390,
0x0000024e5353b540, 0x0000024e5353dbc0, 0x0000024e53539d30, 0x0000024e5353d6f0,
0x0000024e5353f3d0, 0x0000024e5353e090, 0x0000024e5353e560, 0x0000024e5353bee0,
0x0000024e53538050, 0x0000024e5353c3b0, 0x0000024e5353ef00, 0x0000024e5353b070,
0x0000024e5353a200, 0x0000024e5353ba10, 0x0000024e5353c880, 0x0000024e5353ea30,
0x0000024e5353d220, 0x0000024e53538520, 0x0000024e52bff780
}

Java Threads: ( => current thread )
  0x0000024e3374e090 JavaThread "main" [_thread_blocked, id=32232, stack(0x000000bb84c00000,0x000000bb84d00000)]
  0x0000024e3382e5c0 JavaThread "Reference Handler" daemon [_thread_blocked, id=44144, stack(0x000000bb85300000,0x000000bb85400000)]
  0x0000024e51d47920 JavaThread "Finalizer" daemon [_thread_blocked, id=51068, stack(0x000000bb85400000,0x000000bb85500000)]
  0x0000024e51d5e740 JavaThread "Signal Dispatcher" daemon [_thread_blocked, id=75312, stack(0x000000bb85500000,0x000000bb85600000)]
  0x0000024e51d5fa20 JavaThread "Attach Listener" daemon [_thread_blocked, id=24528, stack(0x000000bb85600000,0x000000bb85700000)]
  0x0000024e51d602e0 JavaThread "Service Thread" daemon [_thread_blocked, id=46608, stack(0x000000bb85700000,0x000000bb85800000)]
  0x0000024e51d644d0 JavaThread "C2 CompilerThread0" daemon [_thread_in_native, id=61020, stack(0x000000bb85800000,0x000000bb85900000)]
  0x0000024e51d66f90 JavaThread "C1 CompilerThread0" daemon [_thread_blocked, id=42588, stack(0x000000bb85900000,0x000000bb85a00000)]
  0x0000024e51d719b0 JavaThread "Sweeper thread" daemon [_thread_blocked, id=71076, stack(0x000000bb85a00000,0x000000bb85b00000)]
  0x0000024e52798090 JavaThread "Common-Cleaner" daemon [_thread_blocked, id=44476, stack(0x000000bb85b00000,0x000000bb85c00000)]
  0x0000024e527b7ee0 JavaThread "Notification Thread" daemon [_thread_blocked, id=42428, stack(0x000000bb85c00000,0x000000bb85d00000)]
  0x0000024e53a6c920 JavaThread "Daemon health stats" [_thread_blocked, id=79436, stack(0x000000bb85f00000,0x000000bb86000000)]
  0x0000024e5407de50 JavaThread "Incoming local TCP Connector on port 57469" [_thread_in_native, id=21640, stack(0x000000bb86000000,0x000000bb86100000)]
  0x0000024e5351fb20 JavaThread "Daemon periodic checks" [_thread_blocked, id=53388, stack(0x000000bb86100000,0x000000bb86200000)]
  0x0000024e538ec7d0 JavaThread "Daemon" [_thread_blocked, id=75252, stack(0x000000bb86200000,0x000000bb86300000)]
  0x0000024e51dcfd30 JavaThread "Handler for socket connection from /127.0.0.1:57469 to /127.0.0.1:57470" [_thread_in_native, id=60564, stack(0x000000bb86300000,0x000000bb86400000)]
  0x0000024e52c1cf00 JavaThread "Cancel handler" [_thread_blocked, id=77468, stack(0x000000bb86400000,0x000000bb86500000)]
  0x0000024e52a221d0 JavaThread "Daemon worker" [_thread_blocked, id=49612, stack(0x000000bb86500000,0x000000bb86600000)]
  0x0000024e535fe490 JavaThread "Asynchronous log dispatcher for DefaultDaemonConnection: socket connection from /127.0.0.1:57469 to /127.0.0.1:57470" [_thread_blocked, id=57464, stack(0x000000bb86600000,0x000000bb86700000)]
  0x0000024e535fe960 JavaThread "Stdin handler" [_thread_blocked, id=61332, stack(0x000000bb86700000,0x000000bb86800000)]
  0x0000024e54806560 JavaThread "Daemon client event forwarder" [_thread_blocked, id=29396, stack(0x000000bb86800000,0x000000bb86900000)]
  0x0000024e54805220 JavaThread "Cache worker for journal cache (C:\Users\H P\.gradle\caches\journal-1)" [_thread_blocked, id=59152, stack(0x000000bb86900000,0x000000bb86a00000)]
  0x0000024e548056f0 JavaThread "File lock request listener" [_thread_in_native, id=62912, stack(0x000000bb86a00000,0x000000bb86b00000)]
  0x0000024e54806a30 JavaThread "Cache worker for file hash cache (C:\Users\H P\.gradle\caches\7.5\fileHashes)" [_thread_blocked, id=49420, stack(0x000000bb86b00000,0x000000bb86c00000)]
  0x0000024e548043b0 JavaThread "File watcher server" daemon [_thread_in_native, id=37708, stack(0x000000bb86e00000,0x000000bb86f00000)]
  0x0000024e54803070 JavaThread "File watcher consumer" daemon [_thread_blocked, id=66988, stack(0x000000bb86f00000,0x000000bb87000000)]
  0x0000024e54804880 JavaThread "jar transforms" [_thread_blocked, id=26548, stack(0x000000bb87000000,0x000000bb87100000)]
  0x0000024e54805bc0 JavaThread "jar transforms Thread 2" [_thread_blocked, id=42392, stack(0x000000bb87100000,0x000000bb87200000)]
  0x0000024e54806090 JavaThread "jar transforms Thread 3" [_thread_blocked, id=50980, stack(0x000000bb87200000,0x000000bb87300000)]
  0x0000024e54803540 JavaThread "jar transforms Thread 4" [_thread_blocked, id=52448, stack(0x000000bb87300000,0x000000bb87400000)]
  0x0000024e54804d50 JavaThread "Cache worker for checksums cache (D:\dicoding sub2\Star-StoryApp\StoryApp-master\.gradle\7.5\checksums)" [_thread_blocked, id=19544, stack(0x000000bb87400000,0x000000bb87500000)]
  0x0000024e54803a10 JavaThread "Cache worker for cache directory md-rule (C:\Users\H P\.gradle\caches\7.5\md-rule)" [_thread_blocked, id=22672, stack(0x000000bb87500000,0x000000bb87600000)]
  0x0000024e54868390 JavaThread "Cache worker for file content cache (C:\Users\H P\.gradle\caches\7.5\fileContent)" [_thread_blocked, id=62404, stack(0x000000bb87600000,0x000000bb87700000)]
  0x0000024e5486aee0 JavaThread "Cache worker for file hash cache (D:\dicoding sub2\Star-StoryApp\StoryApp-master\.gradle\7.5\fileHashes)" [_thread_blocked, id=68628, stack(0x000000bb87700000,0x000000bb87800000)]
  0x0000024e5486a070 JavaThread "Cache worker for cache directory md-supplier (C:\Users\H P\.gradle\caches\7.5\md-supplier)" [_thread_blocked, id=35536, stack(0x000000bb87800000,0x000000bb87900000)]
  0x0000024e5486da30 JavaThread "Cache worker for execution history cache (C:\Users\H P\.gradle\caches\7.5\executionHistory)" [_thread_blocked, id=77408, stack(0x000000bb87900000,0x000000bb87a00000)]
  0x0000024e54868d30 JavaThread "Cache worker for dependencies-accessors (D:\dicoding sub2\Star-StoryApp\StoryApp-master\.gradle\7.5\dependencies-accessors)" [_thread_blocked, id=43684, stack(0x000000bb87a00000,0x000000bb87b00000)]
  0x0000024e5486a540 JavaThread "Cache worker for Build Output Cleanup Cache (D:\dicoding sub2\Star-StoryApp\StoryApp-master\.gradle\buildOutputCleanup)" [_thread_blocked, id=77848, stack(0x000000bb87b00000,0x000000bb87c00000)]
  0x0000024e5486b880 JavaThread "Unconstrained build operations" [_thread_blocked, id=72880, stack(0x000000bb87d00000,0x000000bb87e00000)]
  0x0000024e5486f710 JavaThread "Unconstrained build operations Thread 2" [_thread_blocked, id=24964, stack(0x000000bb87e00000,0x000000bb87f00000)]
  0x0000024e5486d560 JavaThread "Unconstrained build operations Thread 3" [_thread_blocked, id=62916, stack(0x000000bb87f00000,0x000000bb88000000)]
  0x0000024e5486c220 JavaThread "Unconstrained build operations Thread 4" [_thread_blocked, id=67168, stack(0x000000bb88000000,0x000000bb88100000)]
  0x0000024e5486c6f0 JavaThread "Unconstrained build operations Thread 5" [_thread_blocked, id=49988, stack(0x000000bb88100000,0x000000bb88200000)]
  0x0000024e54869200 JavaThread "Unconstrained build operations Thread 6" [_thread_blocked, id=77360, stack(0x000000bb88200000,0x000000bb88300000)]
  0x0000024e5486ed70 JavaThread "Unconstrained build operations Thread 7" [_thread_blocked, id=37812, stack(0x000000bb88300000,0x000000bb88400000)]
  0x0000024e5486cbc0 JavaThread "Unconstrained build operations Thread 8" [_thread_blocked, id=37488, stack(0x000000bb88400000,0x000000bb88500000)]
  0x0000024e5486fbe0 JavaThread "Unconstrained build operations Thread 9" [_thread_blocked, id=8940, stack(0x000000bb88500000,0x000000bb88600000)]
  0x0000024e54868860 JavaThread "Unconstrained build operations Thread 10" [_thread_blocked, id=60824, stack(0x000000bb88600000,0x000000bb88700000)]
  0x0000024e5486d090 JavaThread "Unconstrained build operations Thread 11" [_thread_blocked, id=59200, stack(0x000000bb88700000,0x000000bb88800000)]
  0x0000024e5486f240 JavaThread "Unconstrained build operations Thread 12" [_thread_blocked, id=20704, stack(0x000000bb88800000,0x000000bb88900000)]
  0x0000024e548696d0 JavaThread "Unconstrained build operations Thread 13" [_thread_blocked, id=69328, stack(0x000000bb88900000,0x000000bb88a00000)]
  0x0000024e54869ba0 JavaThread "Unconstrained build operations Thread 14" [_thread_blocked, id=64984, stack(0x000000bb88a00000,0x000000bb88b00000)]
  0x0000024e5353aba0 JavaThread "Unconstrained build operations Thread 15" [_thread_blocked, id=34724, stack(0x000000bb88b00000,0x000000bb88c00000)]
  0x0000024e535389f0 JavaThread "Unconstrained build operations Thread 16" [_thread_blocked, id=52672, stack(0x000000bb88c00000,0x000000bb88d00000)]
  0x0000024e5353a6d0 JavaThread "Unconstrained build operations Thread 17" [_thread_blocked, id=65900, stack(0x000000bb88d00000,0x000000bb88e00000)]
  0x0000024e53539860 JavaThread "Unconstrained build operations Thread 18" [_thread_blocked, id=40816, stack(0x000000bb88e00000,0x000000bb88f00000)]
  0x0000024e53538ec0 JavaThread "Unconstrained build operations Thread 19" [_thread_blocked, id=34744, stack(0x000000bb88f00000,0x000000bb89000000)]
  0x0000024e5353f8a0 JavaThread "Unconstrained build operations Thread 20" [_thread_blocked, id=35292, stack(0x000000bb89000000,0x000000bb89100000)]
  0x0000024e5353cd50 JavaThread "Unconstrained build operations Thread 21" [_thread_blocked, id=23300, stack(0x000000bb89100000,0x000000bb89200000)]
  0x0000024e53539390 JavaThread "Unconstrained build operations Thread 22" [_thread_blocked, id=47216, stack(0x000000bb89200000,0x000000bb89300000)]
  0x0000024e5353b540 JavaThread "Unconstrained build operations Thread 23" [_thread_blocked, id=49660, stack(0x000000bb89300000,0x000000bb89400000)]
  0x0000024e5353dbc0 JavaThread "Unconstrained build operations Thread 24" [_thread_blocked, id=22052, stack(0x000000bb89400000,0x000000bb89500000)]
  0x0000024e53539d30 JavaThread "Unconstrained build operations Thread 25" [_thread_blocked, id=21832, stack(0x000000bb89500000,0x000000bb89600000)]
  0x0000024e5353d6f0 JavaThread "Unconstrained build operations Thread 26" [_thread_blocked, id=53760, stack(0x000000bb89600000,0x000000bb89700000)]
  0x0000024e5353f3d0 JavaThread "Unconstrained build operations Thread 27" [_thread_blocked, id=24372, stack(0x000000bb89700000,0x000000bb89800000)]
  0x0000024e5353e090 JavaThread "Unconstrained build operations Thread 28" [_thread_blocked, id=23644, stack(0x000000bb89800000,0x000000bb89900000)]
  0x0000024e5353e560 JavaThread "Unconstrained build operations Thread 29" [_thread_blocked, id=22060, stack(0x000000bb89900000,0x000000bb89a00000)]
  0x0000024e5353bee0 JavaThread "Unconstrained build operations Thread 30" [_thread_blocked, id=66764, stack(0x000000bb89a00000,0x000000bb89b00000)]
  0x0000024e53538050 JavaThread "Unconstrained build operations Thread 31" [_thread_blocked, id=72572, stack(0x000000bb89b00000,0x000000bb89c00000)]
  0x0000024e5353c3b0 JavaThread "Unconstrained build operations Thread 32" [_thread_blocked, id=50220, stack(0x000000bb89c00000,0x000000bb89d00000)]
  0x0000024e5353ef00 JavaThread "Unconstrained build operations Thread 33" [_thread_blocked, id=77456, stack(0x000000bb89d00000,0x000000bb89e00000)]
  0x0000024e5353b070 JavaThread "Unconstrained build operations Thread 34" [_thread_blocked, id=19520, stack(0x000000bb89e00000,0x000000bb89f00000)]
  0x0000024e5353a200 JavaThread "Unconstrained build operations Thread 35" [_thread_blocked, id=40472, stack(0x000000bb89f00000,0x000000bb8a000000)]
  0x0000024e5353ba10 JavaThread "Unconstrained build operations Thread 36" [_thread_blocked, id=25288, stack(0x000000bb8a000000,0x000000bb8a100000)]
  0x0000024e5353c880 JavaThread "Unconstrained build operations Thread 37" [_thread_blocked, id=65152, stack(0x000000bb8a100000,0x000000bb8a200000)]
  0x0000024e5353ea30 JavaThread "Unconstrained build operations Thread 38" [_thread_blocked, id=20168, stack(0x000000bb8a200000,0x000000bb8a300000)]
  0x0000024e5353d220 JavaThread "Unconstrained build operations Thread 39" [_thread_blocked, id=62108, stack(0x000000bb8a300000,0x000000bb8a400000)]
  0x0000024e53538520 JavaThread "Unconstrained build operations Thread 40" [_thread_blocked, id=22632, stack(0x000000bb8a400000,0x000000bb8a500000)]
  0x0000024e52bff780 JavaThread "Memory manager" [_thread_blocked, id=25024, stack(0x000000bb8a700000,0x000000bb8a800000)]

Other Threads:
=>0x0000024e51d423b0 VMThread "VM Thread" [stack: 0x000000bb85200000,0x000000bb85300000] [id=53584]
  0x0000024e527afbb0 WatcherThread [stack: 0x000000bb85d00000,0x000000bb85e00000] [id=56372]
  0x0000024e3378a4e0 GCTaskThread "GC Thread#0" [stack: 0x000000bb84d00000,0x000000bb84e00000] [id=31312]
  0x0000024e527827e0 GCTaskThread "GC Thread#1" [stack: 0x000000bb85e00000,0x000000bb85f00000] [id=74704]
  0x0000024e52f096a0 GCTaskThread "GC Thread#2" [stack: 0x000000bb86c00000,0x000000bb86d00000] [id=46868]
  0x0000024e52f0a690 GCTaskThread "GC Thread#3" [stack: 0x000000bb86d00000,0x000000bb86e00000] [id=49536]
  0x0000024e3379b280 ConcurrentGCThread "G1 Main Marker" [stack: 0x000000bb84e00000,0x000000bb84f00000] [id=41948]
  0x0000024e3379bac0 ConcurrentGCThread "G1 Conc#0" [stack: 0x000000bb84f00000,0x000000bb85000000] [id=77884]
  0x0000024e33801060 ConcurrentGCThread "G1 Refine#0" [stack: 0x000000bb85000000,0x000000bb85100000] [id=39360]
  0x0000024e338028c0 ConcurrentGCThread "G1 Young RemSet Sampling" [stack: 0x000000bb85100000,0x000000bb85200000] [id=50372]

Threads with active compile tasks:
C2 CompilerThread0    45129 7339       4       org.objectweb.asm.Frame::execute (2318 bytes)

VM state: at safepoint (normal execution)

VM Mutex/Monitor currently owned by a thread:  ([mutex/lock_event])
[0x0000024e33747b10] Threads_lock - owner thread: 0x0000024e51d423b0
[0x0000024e337474e0] Heap_lock - owner thread: 0x0000024e3379b280

Heap address: 0x0000000080000000, size: 2048 MB, Compressed Oops mode: 32-bit
CDS archive(s) mapped at: [0x0000000800000000-0x0000000800b50000-0x0000000800b50000), size 11862016, SharedBaseAddress: 0x0000000800000000, ArchiveRelocationMode: 0.
Compressed class space mapped at: 0x0000000800b50000-0x0000000840b50000, size: 1073741824
Narrow klass base: 0x0000000800000000, Narrow klass shift: 3, Narrow klass range: 0x100000000

GC Precious Log:
 CPUs: 4 total, 4 available
 Memory: 6023M
 Large Page Support: Disabled
 NUMA Support: Disabled
 Compressed Oops: Enabled (32-bit)
 Heap Region Size: 1M
 Heap Min Capacity: 8M
 Heap Initial Capacity: 96M
 Heap Max Capacity: 2G
 Pre-touch: Disabled
 Parallel Workers: 4
 Concurrent Workers: 1
 Concurrent Refinement Workers: 4
 Periodic GC: Disabled

Heap:
 garbage-first heap   total 242688K, used 143750K [0x0000000080000000, 0x0000000100000000)
  region size 1024K, 15 young (15360K), 3 survivors (3072K)
 Metaspace       used 61101K, capacity 62171K, committed 62256K, reserved 1103872K
  class space    used 7919K, capacity 8307K, committed 8320K, reserved 1048576K

Heap Regions: E=young(eden), S=young(survivor), O=old, HS=humongous(starts), HC=humongous(continues), CS=collection set, F=free, OA=open archive, CA=closed archive, TAMS=top-at-mark-start (previous, next)
|   0|0x0000000080000000, 0x0000000080100000, 0x0000000080100000|100%|HS|  |TAMS 0x0000000080100000, 0x0000000080000000| Complete 
|   1|0x0000000080100000, 0x0000000080200000, 0x0000000080200000|100%|HC|  |TAMS 0x0000000080200000, 0x0000000080100000| Complete 
|   2|0x0000000080200000, 0x0000000080300000, 0x0000000080300000|100%|HC|  |TAMS 0x0000000080300000, 0x0000000080200000| Complete 
|   3|0x0000000080300000, 0x0000000080400000, 0x0000000080400000|100%| O|  |TAMS 0x0000000080400000, 0x0000000080300000| Updating 
|   4|0x0000000080400000, 0x0000000080500000, 0x0000000080500000|100%| O|  |TAMS 0x0000000080500000, 0x0000000080400000| Updating 
|   5|0x0000000080500000, 0x0000000080600000, 0x0000000080600000|100%| O|  |TAMS 0x0000000080600000, 0x0000000080500000| Updating 
|   6|0x0000000080600000, 0x0000000080700000, 0x0000000080700000|100%| O|  |TAMS 0x0000000080700000, 0x0000000080600000| Updating 
|   7|0x0000000080700000, 0x0000000080800000, 0x0000000080800000|100%|HS|  |TAMS 0x0000000080800000, 0x0000000080700000| Complete 
|   8|0x0000000080800000, 0x0000000080900000, 0x0000000080900000|100%| O|  |TAMS 0x0000000080900000, 0x0000000080800000| Updating 
|   9|0x0000000080900000, 0x0000000080a00000, 0x0000000080a00000|100%| O|  |TAMS 0x0000000080a00000, 0x0000000080900000| Updating 
|  10|0x0000000080a00000, 0x0000000080b00000, 0x0000000080b00000|100%| O|  |TAMS 0x0000000080b00000, 0x0000000080a00000| Updating 
|  11|0x0000000080b00000, 0x0000000080c00000, 0x0000000080c00000|100%|HS|  |TAMS 0x0000000080c00000, 0x0000000080b00000| Complete 
|  12|0x0000000080c00000, 0x0000000080d00000, 0x0000000080d00000|100%|HC|  |TAMS 0x0000000080d00000, 0x0000000080c00000| Complete 
|  13|0x0000000080d00000, 0x0000000080e00000, 0x0000000080e00000|100%|HS|  |TAMS 0x0000000080e00000, 0x0000000080d00000| Complete 
|  14|0x0000000080e00000, 0x0000000080f00000, 0x0000000080f00000|100%|HC|  |TAMS 0x0000000080f00000, 0x0000000080e00000| Complete 
|  15|0x0000000080f00000, 0x0000000081000000, 0x0000000081000000|100%|HC|  |TAMS 0x0000000081000000, 0x0000000080f00000| Complete 
|  16|0x0000000081000000, 0x0000000081100000, 0x0000000081100000|100%|HS|  |TAMS 0x0000000081100000, 0x0000000081000000| Complete 
|  17|0x0000000081100000, 0x0000000081200000, 0x0000000081200000|100%|HC|  |TAMS 0x0000000081200000, 0x0000000081100000| Complete 
|  18|0x0000000081200000, 0x0000000081300000, 0x0000000081300000|100%|HC|  |TAMS 0x0000000081300000, 0x0000000081200000| Complete 
|  19|0x0000000081300000, 0x0000000081400000, 0x0000000081400000|100%|HS|  |TAMS 0x0000000081400000, 0x0000000081300000| Complete 
|  20|0x0000000081400000, 0x0000000081500000, 0x0000000081500000|100%|HC|  |TAMS 0x0000000081500000, 0x0000000081400000| Complete 
|  21|0x0000000081500000, 0x0000000081600000, 0x0000000081600000|100%|HS|  |TAMS 0x0000000081600000, 0x0000000081500000| Complete 
|  22|0x0000000081600000, 0x0000000081700000, 0x0000000081700000|100%|HC|  |TAMS 0x0000000081700000, 0x0000000081600000| Complete 
|  23|0x0000000081700000, 0x0000000081800000, 0x0000000081800000|100%|HC|  |TAMS 0x0000000081800000, 0x0000000081700000| Complete 
|  24|0x0000000081800000, 0x0000000081900000, 0x0000000081900000|100%|HC|  |TAMS 0x0000000081900000, 0x0000000081800000| Complete 
|  25|0x0000000081900000, 0x0000000081a00000, 0x0000000081a00000|100%|HC|  |TAMS 0x0000000081a00000, 0x0000000081900000| Complete 
|  26|0x0000000081a00000, 0x0000000081b00000, 0x0000000081b00000|100%|HC|  |TAMS 0x0000000081b00000, 0x0000000081a00000| Complete 
|  27|0x0000000081b00000, 0x0000000081c00000, 0x0000000081c00000|100%|HC|  |TAMS 0x0000000081c00000, 0x0000000081b00000| Complete 
|  28|0x0000000081c00000, 0x0000000081d00000, 0x0000000081d00000|100%|HC|  |TAMS 0x0000000081d00000, 0x0000000081c00000| Complete 
|  29|0x0000000081d00000, 0x0000000081e00000, 0x0000000081e00000|100%|HC|  |TAMS 0x0000000081e00000, 0x0000000081d00000| Complete 
|  30|0x0000000081e00000, 0x0000000081f00000, 0x0000000081f00000|100%|HC|  |TAMS 0x0000000081f00000, 0x0000000081e00000| Complete 
|  31|0x0000000081f00000, 0x0000000082000000, 0x0000000082000000|100%| O|  |TAMS 0x0000000082000000, 0x0000000081f00000| Updating 
|  32|0x0000000082000000, 0x0000000082100000, 0x0000000082100000|100%| O|  |TAMS 0x0000000082100000, 0x0000000082000000| Updating 
|  33|0x0000000082100000, 0x0000000082200000, 0x0000000082200000|100%| O|  |TAMS 0x0000000082200000, 0x0000000082100000| Updating 
|  34|0x0000000082200000, 0x0000000082300000, 0x0000000082300000|100%| O|  |TAMS 0x0000000082300000, 0x0000000082200000| Updating 
|  35|0x0000000082300000, 0x0000000082400000, 0x0000000082400000|100%| O|  |TAMS 0x0000000082400000, 0x0000000082300000| Updating 
|  36|0x0000000082400000, 0x0000000082500000, 0x0000000082500000|100%| O|  |TAMS 0x0000000082500000, 0x0000000082400000| Updating 
|  37|0x0000000082500000, 0x0000000082600000, 0x0000000082600000|100%| O|  |TAMS 0x0000000082600000, 0x0000000082500000| Updating 
|  38|0x0000000082600000, 0x0000000082700000, 0x0000000082700000|100%| O|  |TAMS 0x0000000082700000, 0x0000000082600000| Updating 
|  39|0x0000000082700000, 0x0000000082800000, 0x0000000082800000|100%|HS|  |TAMS 0x0000000082800000, 0x0000000082700000| Complete 
|  40|0x0000000082800000, 0x0000000082900000, 0x0000000082900000|100%|HC|  |TAMS 0x0000000082900000, 0x0000000082800000| Complete 
|  41|0x0000000082900000, 0x0000000082a00000, 0x0000000082a00000|100%|HS|  |TAMS 0x0000000082a00000, 0x0000000082900000| Complete 
|  42|0x0000000082a00000, 0x0000000082b00000, 0x0000000082b00000|100%|HC|  |TAMS 0x0000000082b00000, 0x0000000082a00000| Complete 
|  43|0x0000000082b00000, 0x0000000082c00000, 0x0000000082c00000|100%|HC|  |TAMS 0x0000000082c00000, 0x0000000082b00000| Complete 
|  44|0x0000000082c00000, 0x0000000082d00000, 0x0000000082d00000|100%|HC|  |TAMS 0x0000000082d00000, 0x0000000082c00000| Complete 
|  45|0x0000000082d00000, 0x0000000082e00000, 0x0000000082e00000|100%|HC|  |TAMS 0x0000000082e00000, 0x0000000082d00000| Complete 
|  46|0x0000000082e00000, 0x0000000082f00000, 0x0000000082f00000|100%|HC|  |TAMS 0x0000000082f00000, 0x0000000082e00000| Complete 
|  47|0x0000000082f00000, 0x0000000083000000, 0x0000000083000000|100%| O|  |TAMS 0x0000000083000000, 0x0000000082f00000| Updating 
|  48|0x0000000083000000, 0x0000000083100000, 0x0000000083100000|100%| O|  |TAMS 0x0000000083100000, 0x0000000083000000| Updating 
|  49|0x0000000083100000, 0x0000000083200000, 0x0000000083200000|100%| O|  |TAMS 0x0000000083200000, 0x0000000083100000| Updating 
|  50|0x0000000083200000, 0x0000000083300000, 0x0000000083300000|100%| O|  |TAMS 0x0000000083300000, 0x0000000083200000| Updating 
|  51|0x0000000083300000, 0x0000000083400000, 0x0000000083400000|100%| O|  |TAMS 0x0000000083400000, 0x0000000083300000| Updating 
|  52|0x0000000083400000, 0x0000000083500000, 0x0000000083500000|100%| O|  |TAMS 0x0000000083500000, 0x0000000083400000| Updating 
|  53|0x0000000083500000, 0x0000000083600000, 0x0000000083600000|100%|HS|  |TAMS 0x0000000083600000, 0x0000000083500000| Complete 
|  54|0x0000000083600000, 0x0000000083700000, 0x0000000083700000|100%|HC|  |TAMS 0x0000000083700000, 0x0000000083600000| Complete 
|  55|0x0000000083700000, 0x0000000083800000, 0x0000000083800000|100%|HC|  |TAMS 0x0000000083800000, 0x0000000083700000| Complete 
|  56|0x0000000083800000, 0x0000000083900000, 0x0000000083900000|100%|HC|  |TAMS 0x0000000083900000, 0x0000000083800000| Complete 
|  57|0x0000000083900000, 0x0000000083a00000, 0x0000000083a00000|100%|HC|  |TAMS 0x0000000083a00000, 0x0000000083900000| Complete 
|  58|0x0000000083a00000, 0x0000000083b00000, 0x0000000083b00000|100%|HC|  |TAMS 0x0000000083b00000, 0x0000000083a00000| Complete 
|  59|0x0000000083b00000, 0x0000000083c00000, 0x0000000083c00000|100%|HC|  |TAMS 0x0000000083c00000, 0x0000000083b00000| Complete 
|  60|0x0000000083c00000, 0x0000000083d00000, 0x0000000083d00000|100%|HC|  |TAMS 0x0000000083d00000, 0x0000000083c00000| Complete 
|  61|0x0000000083d00000, 0x0000000083e00000, 0x0000000083e00000|100%|HC|  |TAMS 0x0000000083e00000, 0x0000000083d00000| Complete 
|  62|0x0000000083e00000, 0x0000000083f00000, 0x0000000083f00000|100%|HC|  |TAMS 0x0000000083f00000, 0x0000000083e00000| Complete 
|  63|0x0000000083f00000, 0x0000000084000000, 0x0000000084000000|100%|HC|  |TAMS 0x0000000084000000, 0x0000000083f00000| Complete 
|  64|0x0000000084000000, 0x0000000084100000, 0x0000000084100000|100%| O|  |TAMS 0x0000000084100000, 0x0000000084000000| Updating 
|  65|0x0000000084100000, 0x0000000084200000, 0x0000000084200000|100%| O|  |TAMS 0x0000000084200000, 0x0000000084100000| Updating 
|  66|0x0000000084200000, 0x0000000084300000, 0x0000000084300000|100%|HS|  |TAMS 0x0000000084300000, 0x0000000084200000| Complete 
|  67|0x0000000084300000, 0x0000000084400000, 0x0000000084400000|100%|HC|  |TAMS 0x0000000084400000, 0x0000000084300000| Complete 
|  68|0x0000000084400000, 0x0000000084500000, 0x0000000084500000|100%|HS|  |TAMS 0x0000000084500000, 0x0000000084400000| Complete 
|  69|0x0000000084500000, 0x0000000084600000, 0x0000000084600000|100%|HC|  |TAMS 0x0000000084600000, 0x0000000084500000| Complete 
|  70|0x0000000084600000, 0x0000000084700000, 0x0000000084700000|100%|HS|  |TAMS 0x0000000084700000, 0x0000000084600000| Complete 
|  71|0x0000000084700000, 0x0000000084800000, 0x0000000084800000|100%|HC|  |TAMS 0x0000000084800000, 0x0000000084700000| Complete 
|  72|0x0000000084800000, 0x0000000084900000, 0x0000000084900000|100%|HC|  |TAMS 0x0000000084900000, 0x0000000084800000| Complete 
|  73|0x0000000084900000, 0x0000000084a00000, 0x0000000084a00000|100%|HS|  |TAMS 0x0000000084a00000, 0x0000000084900000| Complete 
|  74|0x0000000084a00000, 0x0000000084b00000, 0x0000000084b00000|100%|HC|  |TAMS 0x0000000084b00000, 0x0000000084a00000| Complete 
|  75|0x0000000084b00000, 0x0000000084c00000, 0x0000000084c00000|100%|HC|  |TAMS 0x0000000084c00000, 0x0000000084b00000| Complete 
|  76|0x0000000084c00000, 0x0000000084d00000, 0x0000000084d00000|100%| O|  |TAMS 0x0000000084d00000, 0x0000000084c00000| Updating 
|  77|0x0000000084d00000, 0x0000000084e00000, 0x0000000084e00000|100%| O|  |TAMS 0x0000000084e00000, 0x0000000084d00000| Updating 
|  78|0x0000000084e00000, 0x0000000084f00000, 0x0000000084f00000|100%| O|  |TAMS 0x0000000084f00000, 0x0000000084e00000| Updating 
|  79|0x0000000084f00000, 0x0000000085000000, 0x0000000085000000|100%| O|  |TAMS 0x0000000085000000, 0x0000000084f00000| Updating 
|  80|0x0000000085000000, 0x0000000085100000, 0x0000000085100000|100%| O|  |TAMS 0x0000000085100000, 0x0000000085000000| Updating 
|  81|0x0000000085100000, 0x0000000085200000, 0x0000000085200000|100%| O|  |TAMS 0x0000000085200000, 0x0000000085100000| Updating 
|  82|0x0000000085200000, 0x0000000085300000, 0x0000000085300000|100%|HS|  |TAMS 0x0000000085300000, 0x0000000085200000| Complete 
|  83|0x0000000085300000, 0x0000000085400000, 0x0000000085400000|100%|HC|  |TAMS 0x0000000085400000, 0x0000000085300000| Complete 
|  84|0x0000000085400000, 0x0000000085500000, 0x0000000085500000|100%|HC|  |TAMS 0x0000000085500000, 0x0000000085400000| Complete 
|  85|0x0000000085500000, 0x0000000085600000, 0x0000000085600000|100%|HC|  |TAMS 0x0000000085600000, 0x0000000085500000| Complete 
|  86|0x0000000085600000, 0x0000000085700000, 0x0000000085700000|100%|HC|  |TAMS 0x0000000085700000, 0x0000000085600000| Complete 
|  87|0x0000000085700000, 0x0000000085800000, 0x0000000085800000|100%|HC|  |TAMS 0x0000000085800000, 0x0000000085700000| Complete 
|  88|0x0000000085800000, 0x0000000085900000, 0x0000000085900000|100%|HS|  |TAMS 0x0000000085900000, 0x0000000085800000| Complete 
|  89|0x0000000085900000, 0x0000000085a00000, 0x0000000085a00000|100%| O|  |TAMS 0x0000000085a00000, 0x0000000085900000| Updating 
|  90|0x0000000085a00000, 0x0000000085b00000, 0x0000000085b00000|100%| O|  |TAMS 0x0000000085b00000, 0x0000000085a00000| Updating 
|  91|0x0000000085b00000, 0x0000000085c00000, 0x0000000085c00000|100%| O|  |TAMS 0x0000000085c00000, 0x0000000085b00000| Updating 
|  92|0x0000000085c00000, 0x0000000085d00000, 0x0000000085d00000|100%| O|  |TAMS 0x0000000085d00000, 0x0000000085c00000| Updating 
|  93|0x0000000085d00000, 0x0000000085e00000, 0x0000000085e00000|100%| O|  |TAMS 0x0000000085e00000, 0x0000000085d00000| Updating 
|  94|0x0000000085e00000, 0x0000000085f00000, 0x0000000085f00000|100%| O|  |TAMS 0x0000000085f00000, 0x0000000085e00000| Updating 
|  95|0x0000000085f00000, 0x0000000086000000, 0x0000000086000000|100%| O|  |TAMS 0x0000000086000000, 0x0000000085f00000| Updating 
|  96|0x0000000086000000, 0x0000000086100000, 0x0000000086100000|100%|HS|  |TAMS 0x0000000086100000, 0x0000000086000000| Complete 
|  97|0x0000000086100000, 0x0000000086200000, 0x0000000086200000|100%|HS|  |TAMS 0x0000000086200000, 0x0000000086100000| Complete 
|  98|0x0000000086200000, 0x0000000086300000, 0x0000000086300000|100%|HC|  |TAMS 0x0000000086300000, 0x0000000086200000| Complete 
|  99|0x0000000086300000, 0x0000000086400000, 0x0000000086400000|100%|HS|  |TAMS 0x0000000086400000, 0x0000000086300000| Complete 
| 100|0x0000000086400000, 0x0000000086500000, 0x0000000086500000|100%|HS|  |TAMS 0x0000000086500000, 0x0000000086400000| Complete 
| 101|0x0000000086500000, 0x0000000086600000, 0x0000000086600000|100%|HC|  |TAMS 0x0000000086600000, 0x0000000086500000| Complete 
| 102|0x0000000086600000, 0x0000000086700000, 0x0000000086700000|100%|HC|  |TAMS 0x0000000086700000, 0x0000000086600000| Complete 
| 103|0x0000000086700000, 0x0000000086800000, 0x0000000086800000|100%|HC|  |TAMS 0x0000000086800000, 0x0000000086700000| Complete 
| 104|0x0000000086800000, 0x0000000086900000, 0x0000000086900000|100%| O|  |TAMS 0x0000000086800000, 0x0000000086800000| Untracked 
| 105|0x0000000086900000, 0x0000000086a00000, 0x0000000086a00000|100%| O|  |TAMS 0x0000000086a00000, 0x0000000086900000| Updating 
| 106|0x0000000086a00000, 0x0000000086b00000, 0x0000000086b00000|100%| O|  |TAMS 0x0000000086b00000, 0x0000000086a00000| Updating 
| 107|0x0000000086b00000, 0x0000000086c00000, 0x0000000086c00000|100%| O|  |TAMS 0x0000000086b1fc00, 0x0000000086b00000| Untracked 
| 108|0x0000000086c00000, 0x0000000086d00000, 0x0000000086d00000|100%| O|  |TAMS 0x0000000086c00000, 0x0000000086c00000| Untracked 
| 109|0x0000000086d00000, 0x0000000086e00000, 0x0000000086e00000|100%| O|  |TAMS 0x0000000086d00000, 0x0000000086d00000| Untracked 
| 110|0x0000000086e00000, 0x0000000086f00000, 0x0000000086f00000|100%| O|  |TAMS 0x0000000086e00000, 0x0000000086e00000| Untracked 
| 111|0x0000000086f00000, 0x0000000087000000, 0x0000000087000000|100%| O|  |TAMS 0x0000000086f00000, 0x0000000086f00000| Untracked 
| 112|0x0000000087000000, 0x0000000087096c08, 0x0000000087100000| 58%| O|  |TAMS 0x0000000087000000, 0x0000000087000000| Updating 
| 113|0x0000000087100000, 0x0000000087200000, 0x0000000087200000|100%|HS|  |TAMS 0x0000000087100000, 0x0000000087100000| Complete 
| 114|0x0000000087200000, 0x0000000087300000, 0x0000000087300000|100%|HS|  |TAMS 0x0000000087200000, 0x0000000087200000| Complete 
| 115|0x0000000087300000, 0x0000000087400000, 0x0000000087400000|100%|HS|  |TAMS 0x0000000087300000, 0x0000000087300000| Complete 
| 116|0x0000000087400000, 0x0000000087500000, 0x0000000087500000|100%|HS|  |TAMS 0x0000000087400000, 0x0000000087400000| Complete 
| 117|0x0000000087500000, 0x0000000087600000, 0x0000000087600000|100%|HS|  |TAMS 0x0000000087500000, 0x0000000087500000| Complete 
| 118|0x0000000087600000, 0x0000000087700000, 0x0000000087700000|100%|HS|  |TAMS 0x0000000087600000, 0x0000000087600000| Complete 
| 119|0x0000000087700000, 0x0000000087700000, 0x0000000087800000|  0%| F|  |TAMS 0x0000000087700000, 0x0000000087700000| Untracked 
| 120|0x0000000087800000, 0x0000000087800000, 0x0000000087900000|  0%| F|  |TAMS 0x0000000087800000, 0x0000000087800000| Untracked 
| 121|0x0000000087900000, 0x0000000087900000, 0x0000000087a00000|  0%| F|  |TAMS 0x0000000087900000, 0x0000000087900000| Untracked 
| 122|0x0000000087a00000, 0x0000000087a00000, 0x0000000087b00000|  0%| F|  |TAMS 0x0000000087a00000, 0x0000000087a00000| Untracked 
| 123|0x0000000087b00000, 0x0000000087b00000, 0x0000000087c00000|  0%| F|  |TAMS 0x0000000087b00000, 0x0000000087b00000| Untracked 
| 124|0x0000000087c00000, 0x0000000087c00000, 0x0000000087d00000|  0%| F|  |TAMS 0x0000000087c00000, 0x0000000087c00000| Untracked 
| 125|0x0000000087d00000, 0x0000000087d00000, 0x0000000087e00000|  0%| F|  |TAMS 0x0000000087d00000, 0x0000000087d00000| Untracked 
| 126|0x0000000087e00000, 0x0000000087e00000, 0x0000000087f00000|  0%| F|  |TAMS 0x0000000087e00000, 0x0000000087e00000| Untracked 
| 127|0x0000000087f00000, 0x0000000087f00000, 0x0000000088000000|  0%| F|  |TAMS 0x0000000087f00000, 0x0000000087f00000| Untracked 
| 128|0x0000000088000000, 0x0000000088000000, 0x0000000088100000|  0%| F|  |TAMS 0x0000000088000000, 0x0000000088000000| Untracked 
| 129|0x0000000088100000, 0x0000000088100000, 0x0000000088200000|  0%| F|  |TAMS 0x0000000088100000, 0x0000000088100000| Untracked 
| 130|0x0000000088200000, 0x0000000088200000, 0x0000000088300000|  0%| F|  |TAMS 0x0000000088200000, 0x0000000088200000| Untracked 
| 131|0x0000000088300000, 0x0000000088300000, 0x0000000088400000|  0%| F|  |TAMS 0x0000000088300000, 0x0000000088300000| Untracked 
| 132|0x0000000088400000, 0x0000000088400000, 0x0000000088500000|  0%| F|  |TAMS 0x0000000088400000, 0x0000000088400000| Untracked 
| 133|0x0000000088500000, 0x0000000088500000, 0x0000000088600000|  0%| F|  |TAMS 0x0000000088500000, 0x0000000088500000| Untracked 
| 134|0x0000000088600000, 0x0000000088600000, 0x0000000088700000|  0%| F|  |TAMS 0x0000000088600000, 0x0000000088600000| Untracked 
| 135|0x0000000088700000, 0x0000000088700000, 0x0000000088800000|  0%| F|  |TAMS 0x0000000088700000, 0x0000000088700000| Untracked 
| 136|0x0000000088800000, 0x0000000088800000, 0x0000000088900000|  0%| F|  |TAMS 0x0000000088800000, 0x0000000088800000| Untracked 
| 137|0x0000000088900000, 0x0000000088900000, 0x0000000088a00000|  0%| F|  |TAMS 0x0000000088900000, 0x0000000088900000| Untracked 
| 138|0x0000000088a00000, 0x0000000088a00000, 0x0000000088b00000|  0%| F|  |TAMS 0x0000000088a00000, 0x0000000088a00000| Untracked 
| 139|0x0000000088b00000, 0x0000000088b00000, 0x0000000088c00000|  0%| F|  |TAMS 0x0000000088b00000, 0x0000000088b00000| Untracked 
| 140|0x0000000088c00000, 0x0000000088c00000, 0x0000000088d00000|  0%| F|  |TAMS 0x0000000088c00000, 0x0000000088c00000| Untracked 
| 141|0x0000000088d00000, 0x0000000088d00000, 0x0000000088e00000|  0%| F|  |TAMS 0x0000000088d00000, 0x0000000088d00000| Untracked 
| 142|0x0000000088e00000, 0x0000000088e00000, 0x0000000088f00000|  0%| F|  |TAMS 0x0000000088e00000, 0x0000000088e00000| Untracked 
| 143|0x0000000088f00000, 0x0000000088f00000, 0x0000000089000000|  0%| F|  |TAMS 0x0000000088f00000, 0x0000000088f00000| Untracked 
| 144|0x0000000089000000, 0x0000000089000000, 0x0000000089100000|  0%| F|  |TAMS 0x0000000089000000, 0x0000000089000000| Untracked 
| 145|0x0000000089100000, 0x0000000089100000, 0x0000000089200000|  0%| F|  |TAMS 0x0000000089100000, 0x0000000089100000| Untracked 
| 146|0x0000000089200000, 0x0000000089200000, 0x0000000089300000|  0%| F|  |TAMS 0x0000000089200000, 0x0000000089200000| Untracked 
| 147|0x0000000089300000, 0x0000000089300000, 0x0000000089400000|  0%| F|  |TAMS 0x0000000089300000, 0x0000000089300000| Untracked 
| 148|0x0000000089400000, 0x0000000089400000, 0x0000000089500000|  0%| F|  |TAMS 0x0000000089400000, 0x0000000089400000| Untracked 
| 149|0x0000000089500000, 0x0000000089500000, 0x0000000089600000|  0%| F|  |TAMS 0x0000000089500000, 0x0000000089500000| Untracked 
| 150|0x0000000089600000, 0x0000000089600000, 0x0000000089700000|  0%| F|  |TAMS 0x0000000089600000, 0x0000000089600000| Untracked 
| 151|0x0000000089700000, 0x0000000089700000, 0x0000000089800000|  0%| F|  |TAMS 0x0000000089700000, 0x0000000089700000| Untracked 
| 152|0x0000000089800000, 0x0000000089800000, 0x0000000089900000|  0%| F|  |TAMS 0x0000000089800000, 0x0000000089800000| Untracked 
| 153|0x0000000089900000, 0x0000000089900000, 0x0000000089a00000|  0%| F|  |TAMS 0x0000000089900000, 0x0000000089900000| Untracked 
| 154|0x0000000089a00000, 0x0000000089a00000, 0x0000000089b00000|  0%| F|  |TAMS 0x0000000089a00000, 0x0000000089a00000| Untracked 
| 155|0x0000000089b00000, 0x0000000089b00000, 0x0000000089c00000|  0%| F|  |TAMS 0x0000000089b00000, 0x0000000089b00000| Untracked 
| 156|0x0000000089c00000, 0x0000000089c00000, 0x0000000089d00000|  0%| F|  |TAMS 0x0000000089c00000, 0x0000000089c00000| Untracked 
| 157|0x0000000089d00000, 0x0000000089d00000, 0x0000000089e00000|  0%| F|  |TAMS 0x0000000089d00000, 0x0000000089d00000| Untracked 
| 158|0x0000000089e00000, 0x0000000089ecacf0, 0x0000000089f00000| 79%| S|CS|TAMS 0x0000000089e00000, 0x0000000089e00000| Complete 
| 159|0x0000000089f00000, 0x000000008a000000, 0x000000008a000000|100%| S|CS|TAMS 0x0000000089f00000, 0x0000000089f00000| Complete 
| 160|0x000000008a000000, 0x000000008a100000, 0x000000008a100000|100%| S|CS|TAMS 0x000000008a000000, 0x000000008a000000| Complete 
| 161|0x000000008a100000, 0x000000008a100000, 0x000000008a200000|  0%| F|  |TAMS 0x000000008a100000, 0x000000008a100000| Untracked 
| 162|0x000000008a200000, 0x000000008a200000, 0x000000008a300000|  0%| F|  |TAMS 0x000000008a200000, 0x000000008a200000| Untracked 
| 163|0x000000008a300000, 0x000000008a300000, 0x000000008a400000|  0%| F|  |TAMS 0x000000008a300000, 0x000000008a300000| Untracked 
| 164|0x000000008a400000, 0x000000008a400000, 0x000000008a500000|  0%| F|  |TAMS 0x000000008a400000, 0x000000008a400000| Untracked 
| 165|0x000000008a500000, 0x000000008a500000, 0x000000008a600000|  0%| F|  |TAMS 0x000000008a500000, 0x000000008a500000| Untracked 
| 166|0x000000008a600000, 0x000000008a600000, 0x000000008a700000|  0%| F|  |TAMS 0x000000008a600000, 0x000000008a600000| Untracked 
| 167|0x000000008a700000, 0x000000008a700000, 0x000000008a800000|  0%| F|  |TAMS 0x000000008a700000, 0x000000008a700000| Untracked 
| 168|0x000000008a800000, 0x000000008a800000, 0x000000008a900000|  0%| F|  |TAMS 0x000000008a800000, 0x000000008a800000| Untracked 
| 169|0x000000008a900000, 0x000000008a900000, 0x000000008aa00000|  0%| F|  |TAMS 0x000000008a900000, 0x000000008a900000| Untracked 
| 170|0x000000008aa00000, 0x000000008aa00000, 0x000000008ab00000|  0%| F|  |TAMS 0x000000008aa00000, 0x000000008aa00000| Untracked 
| 171|0x000000008ab00000, 0x000000008ab00000, 0x000000008ac00000|  0%| F|  |TAMS 0x000000008ab00000, 0x000000008ab00000| Untracked 
| 172|0x000000008ac00000, 0x000000008ac00000, 0x000000008ad00000|  0%| F|  |TAMS 0x000000008ac00000, 0x000000008ac00000| Untracked 
| 173|0x000000008ad00000, 0x000000008ad00000, 0x000000008ae00000|  0%| F|  |TAMS 0x000000008ad00000, 0x000000008ad00000| Untracked 
| 174|0x000000008ae00000, 0x000000008ae00000, 0x000000008af00000|  0%| F|  |TAMS 0x000000008ae00000, 0x000000008ae00000| Untracked 
| 175|0x000000008af00000, 0x000000008af00000, 0x000000008b000000|  0%| F|  |TAMS 0x000000008af00000, 0x000000008af00000| Untracked 
| 176|0x000000008b000000, 0x000000008b000000, 0x000000008b100000|  0%| F|  |TAMS 0x000000008b000000, 0x000000008b000000| Untracked 
| 177|0x000000008b100000, 0x000000008b100000, 0x000000008b200000|  0%| F|  |TAMS 0x000000008b100000, 0x000000008b100000| Untracked 
| 178|0x000000008b200000, 0x000000008b200000, 0x000000008b300000|  0%| F|  |TAMS 0x000000008b200000, 0x000000008b200000| Untracked 
| 179|0x000000008b300000, 0x000000008b300000, 0x000000008b400000|  0%| F|  |TAMS 0x000000008b300000, 0x000000008b300000| Untracked 
| 180|0x000000008b400000, 0x000000008b500000, 0x000000008b500000|100%| E|  |TAMS 0x000000008b400000, 0x000000008b400000| Complete 
| 181|0x000000008b500000, 0x000000008b600000, 0x000000008b600000|100%| E|CS|TAMS 0x000000008b500000, 0x000000008b500000| Complete 
| 182|0x000000008b600000, 0x000000008b700000, 0x000000008b700000|100%| E|CS|TAMS 0x000000008b600000, 0x000000008b600000| Complete 
| 183|0x000000008b700000, 0x000000008b800000, 0x000000008b800000|100%| E|CS|TAMS 0x000000008b700000, 0x000000008b700000| Complete 
| 184|0x000000008b800000, 0x000000008b900000, 0x000000008b900000|100%| E|CS|TAMS 0x000000008b800000, 0x000000008b800000| Complete 
| 185|0x000000008b900000, 0x000000008ba00000, 0x000000008ba00000|100%| E|CS|TAMS 0x000000008b900000, 0x000000008b900000| Complete 
| 186|0x000000008ba00000, 0x000000008bb00000, 0x000000008bb00000|100%| E|CS|TAMS 0x000000008ba00000, 0x000000008ba00000| Complete 
| 187|0x000000008bb00000, 0x000000008bc00000, 0x000000008bc00000|100%| E|CS|TAMS 0x000000008bb00000, 0x000000008bb00000| Complete 
| 188|0x000000008bc00000, 0x000000008bd00000, 0x000000008bd00000|100%| E|CS|TAMS 0x000000008bc00000, 0x000000008bc00000| Complete 
| 189|0x000000008bd00000, 0x000000008be00000, 0x000000008be00000|100%| E|CS|TAMS 0x000000008bd00000, 0x000000008bd00000| Complete 
| 190|0x000000008be00000, 0x000000008bf00000, 0x000000008bf00000|100%| E|CS|TAMS 0x000000008be00000, 0x000000008be00000| Complete 
| 191|0x000000008bf00000, 0x000000008c000000, 0x000000008c000000|100%| E|CS|TAMS 0x000000008bf00000, 0x000000008bf00000| Complete 
|2040|0x00000000ff800000, 0x00000000ff900000, 0x00000000ff900000|100%| O|  |TAMS 0x00000000ff900000, 0x00000000ff800000| Updating 
|2041|0x00000000ff900000, 0x00000000ffa00000, 0x00000000ffa00000|100%| O|  |TAMS 0x00000000ffa00000, 0x00000000ff900000| Updating 
|2042|0x00000000ffa00000, 0x00000000ffb00000, 0x00000000ffb00000|100%| O|  |TAMS 0x00000000ffb00000, 0x00000000ffa00000| Updating 
|2043|0x00000000ffb00000, 0x00000000ffc00000, 0x00000000ffc00000|100%| O|  |TAMS 0x00000000ffc00000, 0x00000000ffb00000| Updating 
|2044|0x00000000ffc00000, 0x00000000ffd00000, 0x00000000ffd00000|100%| O|  |TAMS 0x00000000ffd00000, 0x00000000ffc00000| Updating 
|2045|0x00000000ffd00000, 0x00000000ffe00000, 0x00000000ffe00000|100%| O|  |TAMS 0x00000000ffe00000, 0x00000000ffd00000| Updating 
|2046|0x00000000ffe00000, 0x00000000fff00000, 0x00000000fff00000|100%| O|  |TAMS 0x00000000fff00000, 0x00000000ffe00000| Updating 
|2047|0x00000000fff00000, 0x0000000100000000, 0x0000000100000000|100%| O|  |TAMS 0x0000000100000000, 0x00000000fff00000| Updating 

Card table byte_map: [0x0000024e4b0b0000,0x0000024e4b4b0000] _byte_map_base: 0x0000024e4acb0000

Marking Bits (Prev, Next): (CMBitMap*) 0x0000024e3378a920, (CMBitMap*) 0x0000024e3378a960
 Prev Bits: [0x0000024e4b8b0000, 0x0000024e4d8b0000)
 Next Bits: [0x0000024e4d8b0000, 0x0000024e4f8b0000)

Polling page: 0x0000024e316a0000

Metaspace:

Usage:
  Non-class:     52.60 MB capacity,    51.94 MB ( 99%) used,   587.92 KB (  1%) free+waste,    93.50 KB ( <1%) overhead. 
      Class:      8.11 MB capacity,     7.73 MB ( 95%) used,   349.26 KB (  4%) free+waste,    38.63 KB ( <1%) overhead. 
       Both:     60.71 MB capacity,    59.67 MB ( 98%) used,   937.18 KB (  2%) free+waste,   132.13 KB ( <1%) overhead. 

Virtual space:
  Non-class space:       54.00 MB reserved,      52.67 MB ( 98%) committed 
      Class space:        1.00 GB reserved,       8.13 MB ( <1%) committed 
             Both:        1.05 GB reserved,      60.80 MB (  6%) committed 

Chunk freelists:
   Non-Class:  8.00 KB
       Class:  13.00 KB
        Both:  21.00 KB

MaxMetaspaceSize: 17179869184.00 GB
CompressedClassSpaceSize: 1.00 GB

CodeHeap 'non-profiled nmethods': size=120000Kb used=3192Kb max_used=3357Kb free=116807Kb
 bounds [0x0000024e43780000, 0x0000024e43ad0000, 0x0000024e4acb0000]
CodeHeap 'profiled nmethods': size=120000Kb used=12946Kb max_used=12946Kb free=107053Kb
 bounds [0x0000024e3c250000, 0x0000024e3cf00000, 0x0000024e43780000]
CodeHeap 'non-nmethods': size=5760Kb used=2400Kb max_used=2442Kb free=3359Kb
 bounds [0x0000024e3bcb0000, 0x0000024e3bf30000, 0x0000024e3c250000]
 total_blobs=7470 nmethods=6576 adapters=806
 compilation: enabled
              stopped_count=0, restarted_count=0
 full_count=0

Compilation events (20 events):
Event: 45.019 Thread 0x0000024e51d66f90 7488       2       java.math.BigInteger::multiplyToLen (20 bytes)
Event: 45.020 Thread 0x0000024e51d66f90 nmethod 7488 0x0000024e3cef0610 code [0x0000024e3cef0800, 0x0000024e3cef0c88]
Event: 45.021 Thread 0x0000024e51d66f90 7489       2       java.math.BigInteger::montgomeryMultiply (54 bytes)
Event: 45.021 Thread 0x0000024e51d66f90 nmethod 7489 0x0000024e3cef0f90 code [0x0000024e3cef1160, 0x0000024e3cef1418]
Event: 45.036 Thread 0x0000024e51d66f90 7491       2       sun.security.x509.CertificateExtensions::get (47 bytes)
Event: 45.036 Thread 0x0000024e51d66f90 nmethod 7491 0x0000024e3cef1590 code [0x0000024e3cef1780, 0x0000024e3cef1ae8]
Event: 45.037 Thread 0x0000024e51d66f90 7492       2       java.math.MutableBigInteger::divWord (108 bytes)
Event: 45.038 Thread 0x0000024e51d66f90 nmethod 7492 0x0000024e3cef1c90 code [0x0000024e3cef1e40, 0x0000024e3cef20d8]
Event: 45.039 Thread 0x0000024e51d66f90 7493       2       java.math.MutableBigInteger::subtract (226 bytes)
Event: 45.040 Thread 0x0000024e51d66f90 nmethod 7493 0x0000024e3cef2210 code [0x0000024e3cef23e0, 0x0000024e3cef2918]
Event: 45.040 Thread 0x0000024e51d66f90 7494       2       java.math.MutableBigInteger::isOne (27 bytes)
Event: 45.041 Thread 0x0000024e51d66f90 nmethod 7494 0x0000024e3cef2c90 code [0x0000024e3cef2e20, 0x0000024e3cef2f78]
Event: 45.041 Thread 0x0000024e51d66f90 7495       2       java.math.MutableBigInteger::leftShift (293 bytes)
Event: 45.041 Thread 0x0000024e51d66f90 nmethod 7495 0x0000024e3cef3090 code [0x0000024e3cef3280, 0x0000024e3cef38b8]
Event: 45.041 Thread 0x0000024e51d66f90 7496       2       java.math.MutableBigInteger::primitiveRightShift (80 bytes)
Event: 45.042 Thread 0x0000024e51d66f90 nmethod 7496 0x0000024e3cef3c10 code [0x0000024e3cef3dc0, 0x0000024e3cef3fd8]
Event: 45.042 Thread 0x0000024e51d66f90 7497       2       java.math.SignedMutableBigInteger::signedAdd (34 bytes)
Event: 45.042 Thread 0x0000024e51d66f90 nmethod 7497 0x0000024e3cef4190 code [0x0000024e3cef4340, 0x0000024e3cef44b8]
Event: 45.042 Thread 0x0000024e51d66f90 7498       2       java.math.SignedMutableBigInteger::signedSubtract (34 bytes)
Event: 45.042 Thread 0x0000024e51d66f90 nmethod 7498 0x0000024e3cef4590 code [0x0000024e3cef4740, 0x0000024e3cef48b8]

GC Heap History (20 events):
Event: 25.407 GC heap before
{Heap before GC invocations=22 (full 0):
 garbage-first heap   total 153600K, used 107017K [0x0000000080000000, 0x0000000100000000)
  region size 1024K, 19 young (19456K), 3 survivors (3072K)
 Metaspace       used 40344K, capacity 41184K, committed 41520K, reserved 1085440K
  class space    used 5383K, capacity 5641K, committed 5760K, reserved 1048576K
}
Event: 25.414 GC heap after
{Heap after GC invocations=23 (full 0):
 garbage-first heap   total 153600K, used 93257K [0x0000000080000000, 0x0000000100000000)
  region size 1024K, 2 young (2048K), 2 survivors (2048K)
 Metaspace       used 40344K, capacity 41184K, committed 41520K, reserved 1085440K
  class space    used 5383K, capacity 5641K, committed 5760K, reserved 1048576K
}
Event: 27.302 GC heap before
{Heap before GC invocations=24 (full 0):
 garbage-first heap   total 171008K, used 123977K [0x0000000080000000, 0x0000000100000000)
  region size 1024K, 26 young (26624K), 2 survivors (2048K)
 Metaspace       used 42948K, capacity 43837K, committed 43952K, reserved 1087488K
  class space    used 5787K, capacity 6110K, committed 6144K, reserved 1048576K
}
Event: 27.310 GC heap after
{Heap after GC invocations=25 (full 0):
 garbage-first heap   total 171008K, used 101937K [0x0000000080000000, 0x0000000100000000)
  region size 1024K, 3 young (3072K), 3 survivors (3072K)
 Metaspace       used 42948K, capacity 43837K, committed 43952K, reserved 1087488K
  class space    used 5787K, capacity 6110K, committed 6144K, reserved 1048576K
}
Event: 31.783 GC heap before
{Heap before GC invocations=25 (full 0):
 garbage-first heap   total 171008K, used 132657K [0x0000000080000000, 0x0000000100000000)
  region size 1024K, 33 young (33792K), 3 survivors (3072K)
 Metaspace       used 47704K, capacity 48639K, committed 48816K, reserved 1091584K
  class space    used 6291K, capacity 6596K, committed 6656K, reserved 1048576K
}
Event: 31.794 GC heap after
{Heap after GC invocations=26 (full 0):
 garbage-first heap   total 171008K, used 105731K [0x0000000080000000, 0x0000000100000000)
  region size 1024K, 5 young (5120K), 5 survivors (5120K)
 Metaspace       used 47704K, capacity 48639K, committed 48816K, reserved 1091584K
  class space    used 6291K, capacity 6596K, committed 6656K, reserved 1048576K
}
Event: 38.036 GC heap before
{Heap before GC invocations=27 (full 0):
 garbage-first heap   total 183296K, used 133379K [0x0000000080000000, 0x0000000100000000)
  region size 1024K, 33 young (33792K), 5 survivors (5120K)
 Metaspace       used 51359K, capacity 52275K, committed 52400K, reserved 1095680K
  class space    used 6730K, capacity 7053K, committed 7168K, reserved 1048576K
}
Event: 38.048 GC heap after
{Heap after GC invocations=28 (full 0):
 garbage-first heap   total 183296K, used 107934K [0x0000000080000000, 0x0000000100000000)
  region size 1024K, 2 young (2048K), 2 survivors (2048K)
 Metaspace       used 51359K, capacity 52275K, committed 52400K, reserved 1095680K
  class space    used 6730K, capacity 7053K, committed 7168K, reserved 1048576K
}
Event: 38.182 GC heap before
{Heap before GC invocations=28 (full 0):
 garbage-first heap   total 183296K, used 107934K [0x0000000080000000, 0x0000000100000000)
  region size 1024K, 3 young (3072K), 2 survivors (2048K)
 Metaspace       used 51373K, capacity 52286K, committed 52400K, reserved 1095680K
  class space    used 6731K, capacity 7055K, committed 7168K, reserved 1048576K
}
Event: 38.187 GC heap after
{Heap after GC invocations=29 (full 0):
 garbage-first heap   total 183296K, used 107934K [0x0000000080000000, 0x0000000100000000)
  region size 1024K, 2 young (2048K), 2 survivors (2048K)
 Metaspace       used 51373K, capacity 52286K, committed 52400K, reserved 1095680K
  class space    used 6731K, capacity 7055K, committed 7168K, reserved 1048576K
}
Event: 38.405 GC heap before
{Heap before GC invocations=30 (full 0):
 garbage-first heap   total 184320K, used 108958K [0x0000000080000000, 0x0000000100000000)
  region size 1024K, 3 young (3072K), 2 survivors (2048K)
 Metaspace       used 51377K, capacity 52350K, committed 52656K, reserved 1095680K
  class space    used 6732K, capacity 7055K, committed 7168K, reserved 1048576K
}
Event: 38.408 GC heap after
{Heap after GC invocations=31 (full 0):
 garbage-first heap   total 184320K, used 108958K [0x0000000080000000, 0x0000000100000000)
  region size 1024K, 2 young (2048K), 2 survivors (2048K)
 Metaspace       used 51377K, capacity 52350K, committed 52656K, reserved 1095680K
  class space    used 6732K, capacity 7055K, committed 7168K, reserved 1048576K
}
Event: 38.654 GC heap before
{Heap before GC invocations=32 (full 0):
 garbage-first heap   total 189440K, used 113054K [0x0000000080000000, 0x0000000100000000)
  region size 1024K, 5 young (5120K), 2 survivors (2048K)
 Metaspace       used 51497K, capacity 52566K, committed 52656K, reserved 1095680K
  class space    used 6747K, capacity 7127K, committed 7168K, reserved 1048576K
}
Event: 38.659 GC heap after
{Heap after GC invocations=33 (full 0):
 garbage-first heap   total 189440K, used 112030K [0x0000000080000000, 0x0000000100000000)
  region size 1024K, 3 young (3072K), 3 survivors (3072K)
 Metaspace       used 51497K, capacity 52566K, committed 52656K, reserved 1095680K
  class space    used 6747K, capacity 7127K, committed 7168K, reserved 1048576K
}
Event: 40.895 GC heap before
{Heap before GC invocations=34 (full 0):
 garbage-first heap   total 191488K, used 116126K [0x0000000080000000, 0x0000000100000000)
  region size 1024K, 7 young (7168K), 3 survivors (3072K)
 Metaspace       used 51512K, capacity 52566K, committed 52656K, reserved 1095680K
  class space    used 6749K, capacity 7127K, committed 7168K, reserved 1048576K
}
Event: 40.900 GC heap after
{Heap after GC invocations=35 (full 0):
 garbage-first heap   total 191488K, used 115058K [0x0000000080000000, 0x0000000100000000)
  region size 1024K, 5 young (5120K), 5 survivors (5120K)
 Metaspace       used 51512K, capacity 52566K, committed 52656K, reserved 1095680K
  class space    used 6749K, capacity 7127K, committed 7168K, reserved 1048576K
}
Event: 43.550 GC heap before
{Heap before GC invocations=36 (full 0):
 garbage-first heap   total 204800K, used 157042K [0x0000000080000000, 0x0000000100000000)
  region size 1024K, 42 young (43008K), 5 survivors (5120K)
 Metaspace       used 56356K, capacity 57351K, committed 57648K, reserved 1099776K
  class space    used 7334K, capacity 7691K, committed 7808K, reserved 1048576K
}
Event: 43.566 GC heap after
{Heap after GC invocations=37 (full 0):
 garbage-first heap   total 204800K, used 123007K [0x0000000080000000, 0x0000000100000000)
  region size 1024K, 6 young (6144K), 6 survivors (6144K)
 Metaspace       used 56356K, capacity 57351K, committed 57648K, reserved 1099776K
  class space    used 7334K, capacity 7691K, committed 7808K, reserved 1048576K
}
Event: 44.936 GC heap before
{Heap before GC invocations=37 (full 0):
 garbage-first heap   total 204800K, used 153727K [0x0000000080000000, 0x0000000100000000)
  region size 1024K, 37 young (37888K), 6 survivors (6144K)
 Metaspace       used 61089K, capacity 62165K, committed 62256K, reserved 1103872K
  class space    used 7918K, capacity 8306K, committed 8320K, reserved 1048576K
}
Event: 44.944 GC heap after
{Heap after GC invocations=38 (full 0):
 garbage-first heap   total 204800K, used 126342K [0x0000000080000000, 0x0000000100000000)
  region size 1024K, 3 young (3072K), 3 survivors (3072K)
 Metaspace       used 61089K, capacity 62165K, committed 62256K, reserved 1103872K
  class space    used 7918K, capacity 8306K, committed 8320K, reserved 1048576K
}

Deoptimization events (20 events):
Event: 45.051 Thread 0x0000024e52a221d0 DEOPT PACKING pc=0x0000024e3cede745 sp=0x000000bb865f12b0
Event: 45.051 Thread 0x0000024e52a221d0 DEOPT UNPACKING pc=0x0000024e3bcfe23f sp=0x000000bb865f0708 mode 0
Event: 45.052 Thread 0x0000024e52a221d0 DEOPT PACKING pc=0x0000024e3cede745 sp=0x000000bb865f12b0
Event: 45.052 Thread 0x0000024e52a221d0 DEOPT UNPACKING pc=0x0000024e3bcfe23f sp=0x000000bb865f0708 mode 0
Event: 45.053 Thread 0x0000024e52a221d0 DEOPT PACKING pc=0x0000024e3cede745 sp=0x000000bb865f12b0
Event: 45.053 Thread 0x0000024e52a221d0 DEOPT UNPACKING pc=0x0000024e3bcfe23f sp=0x000000bb865f0708 mode 0
Event: 45.054 Thread 0x0000024e52a221d0 DEOPT PACKING pc=0x0000024e3cede745 sp=0x000000bb865f12b0
Event: 45.054 Thread 0x0000024e52a221d0 DEOPT UNPACKING pc=0x0000024e3bcfe23f sp=0x000000bb865f0708 mode 0
Event: 45.055 Thread 0x0000024e52a221d0 DEOPT PACKING pc=0x0000024e3cede745 sp=0x000000bb865f12b0
Event: 45.055 Thread 0x0000024e52a221d0 DEOPT UNPACKING pc=0x0000024e3bcfe23f sp=0x000000bb865f0708 mode 0
Event: 45.060 Thread 0x0000024e52a221d0 DEOPT PACKING pc=0x0000024e3cede745 sp=0x000000bb865f12b0
Event: 45.060 Thread 0x0000024e52a221d0 DEOPT UNPACKING pc=0x0000024e3bcfe23f sp=0x000000bb865f0708 mode 0
Event: 45.060 Thread 0x0000024e52a221d0 DEOPT PACKING pc=0x0000024e3cede745 sp=0x000000bb865f12b0
Event: 45.060 Thread 0x0000024e52a221d0 DEOPT UNPACKING pc=0x0000024e3bcfe23f sp=0x000000bb865f0708 mode 0
Event: 45.061 Thread 0x0000024e52a221d0 DEOPT PACKING pc=0x0000024e3cede745 sp=0x000000bb865f12b0
Event: 45.061 Thread 0x0000024e52a221d0 DEOPT UNPACKING pc=0x0000024e3bcfe23f sp=0x000000bb865f0708 mode 0
Event: 45.062 Thread 0x0000024e52a221d0 DEOPT PACKING pc=0x0000024e3cede745 sp=0x000000bb865f12b0
Event: 45.062 Thread 0x0000024e52a221d0 DEOPT UNPACKING pc=0x0000024e3bcfe23f sp=0x000000bb865f0708 mode 0
Event: 45.063 Thread 0x0000024e52a221d0 DEOPT PACKING pc=0x0000024e3cede745 sp=0x000000bb865f12b0
Event: 45.063 Thread 0x0000024e52a221d0 DEOPT UNPACKING pc=0x0000024e3bcfe23f sp=0x000000bb865f0708 mode 0

Classes unloaded (0 events):
No events

Classes redefined (0 events):
No events

Internal exceptions (20 events):
Event: 27.385 Thread 0x0000024e52a221d0 Exception <a 'java/lang/NoSuchMethodError'{0x0000000089c5ea68}: 'void java.lang.invoke.DirectMethodHandle$Holder.invokeStatic(java.lang.Object, java.lang.Object, java.lang.Object, int, java.lang.Object)'> (0x0000000089c5ea68) 
thrown [./src/hotspot/share/interpreter/linkResolver.cpp, line 782]
Event: 29.528 Thread 0x0000024e52a221d0 Implicit null exception at 0x0000024e43a6768f to 0x0000024e43a678e8
Event: 29.679 Thread 0x0000024e52a221d0 Exception <a 'sun/nio/fs/WindowsException'{0x0000000088e296f0}> (0x0000000088e296f0) 
thrown [./src/hotspot/share/prims/jni.cpp, line 578]
Event: 37.786 Thread 0x0000024e54804880 Exception <a 'sun/nio/fs/WindowsException'{0x00000000894b0fd8}> (0x00000000894b0fd8) 
thrown [./src/hotspot/share/prims/jni.cpp, line 578]
Event: 37.809 Thread 0x0000024e54804880 Exception <a 'sun/nio/fs/WindowsException'{0x0000000088f98950}> (0x0000000088f98950) 
thrown [./src/hotspot/share/prims/jni.cpp, line 578]
Event: 37.810 Thread 0x0000024e54804880 Exception <a 'sun/nio/fs/WindowsException'{0x0000000088f98ab0}> (0x0000000088f98ab0) 
thrown [./src/hotspot/share/prims/jni.cpp, line 578]
Event: 37.945 Thread 0x0000024e54803540 Exception <a 'sun/nio/fs/WindowsException'{0x0000000088fbeed8}> (0x0000000088fbeed8) 
thrown [./src/hotspot/share/prims/jni.cpp, line 578]
Event: 38.006 Thread 0x0000024e54803540 Exception <a 'sun/nio/fs/WindowsException'{0x0000000088fdf140}> (0x0000000088fdf140) 
thrown [./src/hotspot/share/prims/jni.cpp, line 578]
Event: 38.015 Thread 0x0000024e54803540 Exception <a 'sun/nio/fs/WindowsException'{0x0000000088fdf2b0}> (0x0000000088fdf2b0) 
thrown [./src/hotspot/share/prims/jni.cpp, line 578]
Event: 38.052 Thread 0x0000024e52a221d0 Exception <a 'java/lang/ClassNotFoundException'{0x000000008aa31018}: build_byhuajhhrrx1feei7iwbx90tsBeanInfo> (0x000000008aa31018) 
thrown [./src/hotspot/share/classfile/systemDictionary.cpp, line 295]
Event: 38.052 Thread 0x0000024e52a221d0 Exception <a 'java/lang/ClassNotFoundException'{0x000000008aa37898}: build_byhuajhhrrx1feei7iwbx90tsCustomizer> (0x000000008aa37898) 
thrown [./src/hotspot/share/classfile/systemDictionary.cpp, line 295]
Event: 38.660 Thread 0x0000024e51d47920 Implicit null exception at 0x0000024e43a2b1b3 to 0x0000024e43a2b4e0
Event: 41.688 Thread 0x0000024e52a221d0 Exception <a 'java/lang/NoSuchMethodError'{0x000000008b45f940}: 'java.lang.Object java.lang.invoke.DirectMethodHandle$Holder.newInvokeSpecial(java.lang.Object, java.lang.Object, java.lang.Object, java.lang.Object, int)'> (0x000000008b45f940) 
thrown [./src/hotspot/share/interpreter/linkResolver.cpp, line 782]
Event: 41.689 Thread 0x0000024e52a221d0 Exception <a 'java/lang/NoSuchMethodError'{0x000000008b465018}: 'java.lang.Object java.lang.invoke.DirectMethodHandle$Holder.invokeSpecial(java.lang.Object, java.lang.Object, java.lang.Object, java.lang.Object, java.lang.Object, int)'> (0x000000008b465018) 
thrown [./src/hotspot/share/interpreter/linkResolver.cpp, line 782]
Event: 41.689 Thread 0x0000024e52a221d0 Exception <a 'java/lang/NoSuchMethodError'{0x000000008b46a198}: 'java.lang.Object java.lang.invoke.Invokers$Holder.linkToTargetMethod(java.lang.Object, java.lang.Object, java.lang.Object, int, java.lang.Object)'> (0x000000008b46a198) 
thrown [./src/hotspot/share/interpreter/linkResolver.cpp, line 782]
Event: 41.712 Thread 0x0000024e52a221d0 Exception <a 'java/lang/NoSuchMethodError'{0x000000008b322a10}: 'java.lang.Object java.lang.invoke.DirectMethodHandle$Holder.newInvokeSpecial(java.lang.Object, java.lang.Object, int, int)'> (0x000000008b322a10) 
thrown [./src/hotspot/share/interpreter/linkResolver.cpp, line 782]
Event: 43.094 Thread 0x0000024e52a221d0 Exception <a 'java/lang/NoSuchMethodError'{0x0000000089dcd650}: 'int java.lang.invoke.DirectMethodHandle$Holder.invokeInterface(java.lang.Object, java.lang.Object, java.lang.Object, java.lang.Object)'> (0x0000000089dcd650) 
thrown [./src/hotspot/share/interpreter/linkResolver.cpp, line 782]
Event: 44.590 Thread 0x0000024e52a221d0 Exception <a 'java/lang/IncompatibleClassChangeError'{0x000000008ab6c620}: Found class java.lang.Object, but interface was expected> (0x000000008ab6c620) 
thrown [./src/hotspot/share/interpreter/linkResolver.cpp, line 848]
Event: 44.724 Thread 0x0000024e52a221d0 Implicit null exception at 0x0000024e43a0a2d4 to 0x0000024e43a0a4e4
Event: 44.878 Thread 0x0000024e52a221d0 Implicit null exception at 0x0000024e4393ae0c to 0x0000024e4393afc9

Events (20 events):
Event: 44.897 loading class java/security/cert/CertPathValidatorException done
Event: 44.897 loading class java/security/cert/CertPathValidatorException$BasicReason
Event: 44.898 loading class java/security/cert/CertPathValidatorException$Reason
Event: 44.898 loading class java/security/cert/CertPathValidatorException$Reason done
Event: 44.898 loading class java/security/cert/CertPathValidatorException$BasicReason done
Event: 44.925 loading class java/util/Base64
Event: 44.925 loading class java/util/Base64 done
Event: 44.925 loading class java/util/Base64$Decoder
Event: 44.926 loading class java/util/Base64$Decoder done
Event: 44.926 loading class java/util/Base64$Encoder
Event: 44.926 loading class java/util/Base64$Encoder done
Event: 44.927 loading class java/util/jar/JarVerifier$VerifierStream
Event: 44.928 loading class java/util/jar/JarVerifier$VerifierStream done
Event: 44.928 loading class sun/security/util/ManifestEntryVerifier$SunProviderHolder
Event: 44.928 loading class sun/security/util/ManifestEntryVerifier$SunProviderHolder done
Event: 44.935 Executing VM operation: G1TryInitiateConcMark
Event: 44.944 Executing VM operation: G1TryInitiateConcMark done
Event: 44.944 Executing VM operation: HandshakeAllThreads
Event: 44.944 Executing VM operation: HandshakeAllThreads done
Event: 45.064 Executing VM operation: G1Concurrent


Dynamic libraries:
0x00007ff6f06e0000 - 0x00007ff6f06ed000 	C:\Program Files\Zulu\zulu-15\bin\java.exe
0x00007fff4ff50000 - 0x00007fff50145000 	C:\windows\SYSTEM32\ntdll.dll
0x00007fff4f6c0000 - 0x00007fff4f77e000 	C:\windows\System32\KERNEL32.DLL
0x00007fff4d630000 - 0x00007fff4d8f8000 	C:\windows\System32\KERNELBASE.dll
0x00007fff4d950000 - 0x00007fff4da50000 	C:\windows\System32\ucrtbase.dll
0x00007fff2cb40000 - 0x00007fff2cb55000 	C:\Program Files\Zulu\zulu-15\bin\VCRUNTIME140.dll
0x00007fff2cb60000 - 0x00007fff2cb78000 	C:\Program Files\Zulu\zulu-15\bin\jli.dll
0x00007fff4f510000 - 0x00007fff4f6b1000 	C:\windows\System32\USER32.dll
0x00007fff4df30000 - 0x00007fff4df52000 	C:\windows\System32\win32u.dll
0x00007fff37f70000 - 0x00007fff3820a000 	C:\windows\WinSxS\amd64_microsoft.windows.common-controls_6595b64144ccf1df_6.0.19041.1110_none_60b5254171f9507e\COMCTL32.dll
0x00007fff4e840000 - 0x00007fff4e86b000 	C:\windows\System32\GDI32.dll
0x00007fff4dcd0000 - 0x00007fff4dddd000 	C:\windows\System32\gdi32full.dll
0x00007fff4dde0000 - 0x00007fff4de7d000 	C:\windows\System32\msvcp_win.dll
0x00007fff4f470000 - 0x00007fff4f50e000 	C:\windows\System32\msvcrt.dll
0x00007fff4e530000 - 0x00007fff4e560000 	C:\windows\System32\IMM32.DLL
0x00007fff15610000 - 0x00007fff156ab000 	C:\Program Files\Zulu\zulu-15\bin\msvcp140.dll
0x00007ffee8090000 - 0x00007ffee8c2c000 	C:\Program Files\Zulu\zulu-15\bin\server\jvm.dll
0x00007fff4e870000 - 0x00007fff4e91e000 	C:\windows\System32\ADVAPI32.dll
0x00007fff4ebd0000 - 0x00007fff4ec6c000 	C:\windows\System32\sechost.dll
0x00007fff4df80000 - 0x00007fff4e0a5000 	C:\windows\System32\RPCRT4.dll
0x00007fff4f320000 - 0x00007fff4f328000 	C:\windows\System32\PSAPI.DLL
0x00007fff44a60000 - 0x00007fff44a6a000 	C:\windows\SYSTEM32\VERSION.dll
0x00007fff44a30000 - 0x00007fff44a57000 	C:\windows\SYSTEM32\WINMM.dll
0x00007fff34af0000 - 0x00007fff34af9000 	C:\windows\SYSTEM32\WSOCK32.dll
0x00007fff4edd0000 - 0x00007fff4ee3b000 	C:\windows\System32\WS2_32.dll
0x00007fff4b520000 - 0x00007fff4b532000 	C:\windows\SYSTEM32\kernel.appcore.dll
0x00007fff37da0000 - 0x00007fff37daa000 	C:\Program Files\Zulu\zulu-15\bin\jimage.dll
0x00007fff36480000 - 0x00007fff36664000 	C:\windows\SYSTEM32\DBGHELP.DLL
0x00007fff2f1f0000 - 0x00007fff2f21c000 	C:\windows\SYSTEM32\dbgcore.DLL
0x00007fff4da80000 - 0x00007fff4db02000 	C:\windows\System32\bcryptPrimitives.dll
0x00007fff2cad0000 - 0x00007fff2caf5000 	C:\Program Files\Zulu\zulu-15\bin\java.dll
0x00007fff4f790000 - 0x00007fff4fed4000 	C:\windows\System32\SHELL32.dll
0x00007fff4b720000 - 0x00007fff4beb5000 	C:\windows\SYSTEM32\windows.storage.dll
0x00007fff4eea0000 - 0x00007fff4f1f5000 	C:\windows\System32\combase.dll
0x00007fff4cfb0000 - 0x00007fff4cfde000 	C:\windows\SYSTEM32\Wldp.dll
0x00007fff4e790000 - 0x00007fff4e83d000 	C:\windows\System32\SHCORE.dll
0x00007fff4ee40000 - 0x00007fff4ee95000 	C:\windows\System32\shlwapi.dll
0x00007fff4d570000 - 0x00007fff4d58f000 	C:\windows\SYSTEM32\profapi.dll
0x00007fff206e0000 - 0x00007fff206f9000 	C:\Program Files\Zulu\zulu-15\bin\net.dll
0x00007fff3e890000 - 0x00007fff3e99c000 	C:\windows\SYSTEM32\WINHTTP.dll
0x00007fff4cd10000 - 0x00007fff4cd7a000 	C:\windows\system32\mswsock.dll
0x00007fff1d570000 - 0x00007fff1d582000 	C:\Program Files\Zulu\zulu-15\bin\nio.dll
0x00007fff1cfd0000 - 0x00007fff1cfe8000 	C:\Program Files\Zulu\zulu-15\bin\zip.dll
0x00007fff379a0000 - 0x00007fff379b0000 	C:\Program Files\Zulu\zulu-15\bin\verify.dll
0x00007fff374a0000 - 0x00007fff374c7000 	C:\Users\H P\.gradle\native\e1d6ef7f7dcc3fd88c89a11ec53ec762bb8ba0a96d01ffa2cd45eb1d1d8dd5c5\windows-amd64\native-platform.dll
0x00007fff1c300000 - 0x00007fff1c444000 	C:\Users\H P\.gradle\native\0d407fdbe67a94daf76414ababcb853783967236a71b16ec16e742cd7a986fd3\windows-amd64\native-platform-file-events.dll
0x00007fff37300000 - 0x00007fff37309000 	C:\Program Files\Zulu\zulu-15\bin\management.dll
0x00007fff37250000 - 0x00007fff3725b000 	C:\Program Files\Zulu\zulu-15\bin\management_ext.dll
0x00007fff4cf00000 - 0x00007fff4cf18000 	C:\windows\SYSTEM32\CRYPTSP.dll
0x00007fff4c690000 - 0x00007fff4c6c4000 	C:\windows\system32\rsaenh.dll
0x00007fff4da50000 - 0x00007fff4da77000 	C:\windows\System32\bcrypt.dll
0x00007fff4d4f0000 - 0x00007fff4d51e000 	C:\windows\SYSTEM32\USERENV.dll
0x00007fff4cf20000 - 0x00007fff4cf2c000 	C:\windows\SYSTEM32\CRYPTBASE.dll
0x00007fff4ca00000 - 0x00007fff4ca3b000 	C:\windows\SYSTEM32\IPHLPAPI.DLL
0x00007fff4f780000 - 0x00007fff4f788000 	C:\windows\System32\NSI.dll
0x00007fff40730000 - 0x00007fff40747000 	C:\windows\SYSTEM32\dhcpcsvc6.DLL
0x00007fff41930000 - 0x00007fff4194d000 	C:\windows\SYSTEM32\dhcpcsvc.DLL
0x00007fff4ca40000 - 0x00007fff4cb0b000 	C:\windows\SYSTEM32\DNSAPI.dll
0x00007fff35ff0000 - 0x00007fff35ffe000 	C:\Program Files\Zulu\zulu-15\bin\sunmscapi.dll
0x00007fff4db10000 - 0x00007fff4dc66000 	C:\windows\System32\CRYPT32.dll
0x00007fff4d020000 - 0x00007fff4d047000 	C:\windows\SYSTEM32\ncrypt.dll
0x00007fff4cfe0000 - 0x00007fff4d01b000 	C:\windows\SYSTEM32\NTASN1.dll
0x00007fff33a20000 - 0x00007fff33a2a000 	C:\Windows\System32\rasadhlp.dll
0x00007fff33d30000 - 0x00007fff33daf000 	C:\windows\System32\fwpuclnt.dll

dbghelp: loaded successfully - version: 4.0.5 - missing functions: none
symbol engine: initialized successfully - sym options: 0x614 - pdb path: .;C:\Program Files\Zulu\zulu-15\bin;C:\windows\SYSTEM32;C:\windows\WinSxS\amd64_microsoft.windows.common-controls_6595b64144ccf1df_6.0.19041.1110_none_60b5254171f9507e;C:\Program Files\Zulu\zulu-15\bin\server;C:\Users\H P\.gradle\native\e1d6ef7f7dcc3fd88c89a11ec53ec762bb8ba0a96d01ffa2cd45eb1d1d8dd5c5\windows-amd64;C:\Users\H P\.gradle\native\0d407fdbe67a94daf76414ababcb853783967236a71b16ec16e742cd7a986fd3\windows-amd64

VM Arguments:
jvm_args: --add-opens=java.base/java.util=ALL-UNNAMED --add-opens=java.base/java.lang=ALL-UNNAMED --add-opens=java.base/java.lang.invoke=ALL-UNNAMED --add-opens=java.base/java.util=ALL-UNNAMED --add-opens=java.prefs/java.util.prefs=ALL-UNNAMED --add-opens=java.prefs/java.util.prefs=ALL-UNNAMED --add-opens=java.base/java.nio.charset=ALL-UNNAMED --add-opens=java.base/java.net=ALL-UNNAMED --add-opens=java.base/java.util.concurrent.atomic=ALL-UNNAMED -Xmx2048m -Dfile.encoding=UTF-8 -Duser.country=ID -Duser.language=en -Duser.variant 
java_command: org.gradle.launcher.daemon.bootstrap.GradleDaemon 7.5
java_class_path (initial): C:\Users\H P\.gradle\wrapper\dists\gradle-7.5-bin\f1w0cc9nuo0eivz97x2xlu9sv\gradle-7.5\lib\gradle-launcher-7.5.jar
Launcher Type: SUN_STANDARD

[Global flags]
     intx CICompilerCount                          = 3                                         {product} {ergonomic}
     uint ConcGCThreads                            = 1                                         {product} {ergonomic}
     uint G1ConcRefinementThreads                  = 4                                         {product} {ergonomic}
   size_t G1HeapRegionSize                         = 1048576                                   {product} {ergonomic}
    uintx GCDrainStackTargetSize                   = 64                                        {product} {ergonomic}
   size_t InitialHeapSize                          = 100663296                                 {product} {ergonomic}
   size_t MarkStackSize                            = 4194304                                   {product} {ergonomic}
   size_t MaxHeapSize                              = 2147483648                                {product} {command line}
   size_t MaxNewSize                               = 1287651328                                {product} {ergonomic}
   size_t MinHeapDeltaBytes                        = 1048576                                   {product} {ergonomic}
   size_t MinHeapSize                              = 8388608                                   {product} {ergonomic}
    uintx NonNMethodCodeHeapSize                   = 5832780                                {pd product} {ergonomic}
    uintx NonProfiledCodeHeapSize                  = 122912730                              {pd product} {ergonomic}
    uintx ProfiledCodeHeapSize                     = 122912730                              {pd product} {ergonomic}
    uintx ReservedCodeCacheSize                    = 251658240                              {pd product} {ergonomic}
     bool SegmentedCodeCache                       = true                                      {product} {ergonomic}
   size_t SoftMaxHeapSize                          = 2147483648                             {manageable} {ergonomic}
     bool UseCompressedClassPointers               = true                                 {lp64_product} {ergonomic}
     bool UseCompressedOops                        = true                                 {lp64_product} {ergonomic}
     bool UseG1GC                                  = true                                      {product} {ergonomic}
     bool UseLargePagesIndividualAllocation        = false                                  {pd product} {ergonomic}

Logging:
Log output configuration:
 #0: stdout all=warning uptime,level,tags
 #1: stderr all=off uptime,level,tags

Environment Variables:
JAVA_HOME=C:\Program Files\Zulu\zulu-15
PATH=C:\Program Files\Zulu\zulu-15\bin\;C:\oraclexe\app\oracle\product\10.2.0\server\bin;C:\Program Files\Common Files\Oracle\Java\javapath;C:\Program Files (x86)\Common Files\Oracle\Java\javapath;C:\windows\system32;C:\windows;C:\windows\System32\Wbem;C:\windows\System32\WindowsPowerShell\v1.0\;C:\windows\System32\OpenSSH\;C:\Program Files (x86)\dotnet\;C:\Users\H P\Downloads\gradle-6.6-bin\gradle-6.6\bin;C:\Program Files\Git\cmd;C:\Users\H P\AppData\Local\Microsoft\WindowsApps;;C:\Users\H P\AppData\Local\Programs\Microsoft VS Code\bin
USERNAME=H P
OS=Windows_NT
PROCESSOR_IDENTIFIER=AMD64 Family 23 Model 24 Stepping 1, AuthenticAMD



---------------  S Y S T E M  ---------------

OS:
 Windows 10 , 64 bit Build 19041 (10.0.19041.1466)
OS uptime: 5 days 5:23 hours

CPU: total 4 (initial active 4) (4 cores per cpu, 2 threads per core) family 23 model 24 stepping 1 microcode 0x0, cmov, cx8, fxsr, mmx, sse, sse2, sse3, ssse3, sse4.1, sse4.2, popcnt, vzeroupper, avx, avx2, aes, clmul, 3dnowpref, lzcnt, sse4a, ht, tsc, tscinvbit, tscinv, bmi1, bmi2, adx, sha, fma, clflush, clflushopt

Memory: 4k page, system-wide physical 6023M (280M free)
TotalPageFile size 24455M (AvailPageFile size 11M)
current process WorkingSet (physical memory assigned to process): 292M, peak: 301M
current process commit charge ("private bytes"): 433M, peak: 472M

vm_info: OpenJDK 64-Bit Server VM (15.0.10+5-MTS) for windows-amd64 JRE (15.0.10+5-MTS) (Zulu15.46+17-CA), built on Jan  7 2023 17:34:05 by "zulu_re" with MS VC++ 15.9 (VS2017)

END.
